  cylinder.cpp
  shader.cpp
  ShapeGenerator.cpp
D:\ComputerScience\CS330 OpenGL\CS330 Milestone\OpenGLSample\ShapeGenerator.cpp(28,20): warning C4018: '<': signed/unsigned mismatch
D:\ComputerScience\CS330 OpenGL\CS330 Milestone\OpenGLSample\ShapeGenerator.cpp(30,21): warning C4018: '<': signed/unsigned mismatch
D:\ComputerScience\CS330 OpenGL\CS330 Milestone\OpenGLSample\ShapeGenerator.cpp(33,28): warning C4244: '=': conversion from 'int' to 'T', possible loss of data
          with
          [
              T=float
          ]
D:\ComputerScience\CS330 OpenGL\CS330 Milestone\OpenGLSample\ShapeGenerator.cpp(34,28): warning C4244: '=': conversion from 'int' to 'T', possible loss of data
          with
          [
              T=float
          ]
D:\ComputerScience\CS330 OpenGL\CS330 Milestone\OpenGLSample\ShapeGenerator.cpp(49,24): warning C4018: '<': signed/unsigned mismatch
D:\ComputerScience\CS330 OpenGL\CS330 Milestone\OpenGLSample\ShapeGenerator.cpp(51,25): warning C4018: '<': signed/unsigned mismatch
D:\ComputerScience\CS330 OpenGL\CS330 Milestone\OpenGLSample\ShapeGenerator.cpp(95,37): warning C4244: '=': conversion from 'double' to 'T', possible loss of data
          with
          [
              T=float
          ]
D:\ComputerScience\CS330 OpenGL\CS330 Milestone\OpenGLSample\ShapeGenerator.cpp(96,37): warning C4244: '=': conversion from 'double' to 'T', possible loss of data
          with
          [
              T=float
          ]
D:\ComputerScience\CS330 OpenGL\CS330 Milestone\OpenGLSample\ShapeGenerator.cpp(97,26): warning C4244: '=': conversion from 'double' to 'T', possible loss of data
          with
          [
              T=float
          ]
  Source.cpp
D:\ComputerScience\CS330 OpenGL\CS330 Milestone\OpenGLSample\shader.h(57,34): warning C4101: 'e': unreferenced local variable
D:\ComputerScience\CS330 OpenGL\CS330 Milestone\OpenGLSample\Source.cpp(227,22): warning C4244: 'initializing': conversion from 'double' to 'float', possible loss of data
D:\ComputerScience\CS330 OpenGL\CS330 Milestone\OpenGLSample\Source.cpp(267,62): warning C4305: 'argument': truncation from 'double' to 'float'
D:\ComputerScience\CS330 OpenGL\CS330 Milestone\OpenGLSample\Source.cpp(219,8): warning C4101: 'angle': unreferenced local variable
D:\ComputerScience\CS330 OpenGL\CS330 Milestone\OpenGLSample\Source.cpp(314,20): warning C4244: 'initializing': conversion from 'double' to 'float', possible loss of data
D:\ComputerScience\CS330 OpenGL\CS330 Milestone\OpenGLSample\Source.cpp(340,11): warning C4244: '=': conversion from 'double' to 'float', possible loss of data
D:\ComputerScience\CS330 OpenGL\CS330 Milestone\OpenGLSample\Source.cpp(341,11): warning C4244: '=': conversion from 'double' to 'float', possible loss of data
D:\ComputerScience\CS330 OpenGL\CS330 Milestone\OpenGLSample\Source.cpp(345,16): warning C4244: 'initializing': conversion from 'double' to 'float', possible loss of data
D:\ComputerScience\CS330 OpenGL\CS330 Milestone\OpenGLSample\Source.cpp(346,16): warning C4244: 'initializing': conversion from 'double' to 'float', possible loss of data
D:\ComputerScience\CS330 OpenGL\CS330 Milestone\OpenGLSample\Source.cpp(347,10): warning C4244: '=': conversion from 'double' to 'float', possible loss of data
D:\ComputerScience\CS330 OpenGL\CS330 Milestone\OpenGLSample\Source.cpp(348,10): warning C4244: '=': conversion from 'double' to 'float', possible loss of data
  staticMesh3D.cpp
  staticMeshIndexed3D.cpp
  Texture.cpp
  vboindexer.cpp
  vertexBufferObject.cpp
D:\ComputerScience\CS330 OpenGL\CS330 Milestone\OpenGLSample\vertexBufferObject.cpp(65,33): warning C4267: '=': conversion from 'size_t' to 'uint32_t', possible loss of data
D:\ComputerScience\CS330 OpenGL\CS330 Milestone\OpenGLSample\vertexBufferObject.cpp(101,58): warning C4267: 'return': conversion from 'size_t' to 'uint32_t', possible loss of data
  Generating Code...
  glad.c
staticMeshIndexed3D.obj : error LNK2001: unresolved external symbol "void * __cdecl operator new(unsigned __int64)" (??2@YAPEAX_K@Z)
vboindexer.obj : error LNK2001: unresolved external symbol "void * __cdecl operator new(unsigned __int64)" (??2@YAPEAX_K@Z)
vertexBufferObject.obj : error LNK2001: unresolved external symbol "void * __cdecl operator new(unsigned __int64)" (??2@YAPEAX_K@Z)
cylinder.obj : error LNK2001: unresolved external symbol "void * __cdecl operator new(unsigned __int64)" (??2@YAPEAX_K@Z)
shader.obj : error LNK2001: unresolved external symbol "void * __cdecl operator new(unsigned __int64)" (??2@YAPEAX_K@Z)
Source.obj : error LNK2001: unresolved external symbol "void * __cdecl operator new(unsigned __int64)" (??2@YAPEAX_K@Z)
staticMesh3D.obj : error LNK2001: unresolved external symbol "void * __cdecl operator new(unsigned __int64)" (??2@YAPEAX_K@Z)
staticMeshIndexed3D.obj : error LNK2001: unresolved external symbol "void __cdecl operator delete(void *,unsigned __int64)" (??3@YAXPEAX_K@Z)
vboindexer.obj : error LNK2001: unresolved external symbol "void __cdecl operator delete(void *,unsigned __int64)" (??3@YAXPEAX_K@Z)
vertexBufferObject.obj : error LNK2001: unresolved external symbol "void __cdecl operator delete(void *,unsigned __int64)" (??3@YAXPEAX_K@Z)
cylinder.obj : error LNK2001: unresolved external symbol "void __cdecl operator delete(void *,unsigned __int64)" (??3@YAXPEAX_K@Z)
shader.obj : error LNK2001: unresolved external symbol "void __cdecl operator delete(void *,unsigned __int64)" (??3@YAXPEAX_K@Z)
Source.obj : error LNK2001: unresolved external symbol "void __cdecl operator delete(void *,unsigned __int64)" (??3@YAXPEAX_K@Z)
staticMesh3D.obj : error LNK2001: unresolved external symbol "void __cdecl operator delete(void *,unsigned __int64)" (??3@YAXPEAX_K@Z)
staticMeshIndexed3D.obj : error LNK2001: unresolved external symbol __imp__invalid_parameter
vboindexer.obj : error LNK2001: unresolved external symbol __imp__invalid_parameter
vertexBufferObject.obj : error LNK2001: unresolved external symbol __imp__invalid_parameter
cylinder.obj : error LNK2001: unresolved external symbol __imp__invalid_parameter
shader.obj : error LNK2001: unresolved external symbol __imp__invalid_parameter
Source.obj : error LNK2001: unresolved external symbol __imp__invalid_parameter
staticMesh3D.obj : error LNK2001: unresolved external symbol __imp__invalid_parameter
cylinder.obj : error LNK2019: unresolved external symbol __imp_cosf referenced in function "float __cdecl cos(float)" (?cos@@YAMM@Z)
Source.obj : error LNK2001: unresolved external symbol __imp_cosf
cylinder.obj : error LNK2019: unresolved external symbol __imp_sinf referenced in function "float __cdecl sin(float)" (?sin@@YAMM@Z)
Source.obj : error LNK2001: unresolved external symbol __imp_sinf
vertexBufferObject.obj : error LNK2001: unresolved external symbol memmove
cylinder.obj : error LNK2001: unresolved external symbol memmove
shader.obj : error LNK2001: unresolved external symbol memmove
Source.obj : error LNK2001: unresolved external symbol memmove
vboindexer.obj : error LNK2001: unresolved external symbol memmove
staticMeshIndexed3D.obj : error LNK2001: unresolved external symbol __imp__CrtDbgReport
vboindexer.obj : error LNK2001: unresolved external symbol __imp__CrtDbgReport
vertexBufferObject.obj : error LNK2001: unresolved external symbol __imp__CrtDbgReport
cylinder.obj : error LNK2001: unresolved external symbol __imp__CrtDbgReport
shader.obj : error LNK2001: unresolved external symbol __imp__CrtDbgReport
Source.obj : error LNK2001: unresolved external symbol __imp__CrtDbgReport
staticMesh3D.obj : error LNK2001: unresolved external symbol __imp__CrtDbgReport
staticMeshIndexed3D.obj : error LNK2001: unresolved external symbol "__declspec(dllimport) public: __cdecl std::_Lockit::_Lockit(int)" (__imp_??0_Lockit@std@@QEAA@H@Z)
vboindexer.obj : error LNK2001: unresolved external symbol "__declspec(dllimport) public: __cdecl std::_Lockit::_Lockit(int)" (__imp_??0_Lockit@std@@QEAA@H@Z)
vertexBufferObject.obj : error LNK2001: unresolved external symbol "__declspec(dllimport) public: __cdecl std::_Lockit::_Lockit(int)" (__imp_??0_Lockit@std@@QEAA@H@Z)
cylinder.obj : error LNK2001: unresolved external symbol "__declspec(dllimport) public: __cdecl std::_Lockit::_Lockit(int)" (__imp_??0_Lockit@std@@QEAA@H@Z)
shader.obj : error LNK2001: unresolved external symbol "__declspec(dllimport) public: __cdecl std::_Lockit::_Lockit(int)" (__imp_??0_Lockit@std@@QEAA@H@Z)
Source.obj : error LNK2001: unresolved external symbol "__declspec(dllimport) public: __cdecl std::_Lockit::_Lockit(int)" (__imp_??0_Lockit@std@@QEAA@H@Z)
staticMesh3D.obj : error LNK2001: unresolved external symbol "__declspec(dllimport) public: __cdecl std::_Lockit::_Lockit(int)" (__imp_??0_Lockit@std@@QEAA@H@Z)
staticMeshIndexed3D.obj : error LNK2001: unresolved external symbol "__declspec(dllimport) public: __cdecl std::_Lockit::~_Lockit(void)" (__imp_??1_Lockit@std@@QEAA@XZ)
vboindexer.obj : error LNK2001: unresolved external symbol "__declspec(dllimport) public: __cdecl std::_Lockit::~_Lockit(void)" (__imp_??1_Lockit@std@@QEAA@XZ)
vertexBufferObject.obj : error LNK2001: unresolved external symbol "__declspec(dllimport) public: __cdecl std::_Lockit::~_Lockit(void)" (__imp_??1_Lockit@std@@QEAA@XZ)
cylinder.obj : error LNK2001: unresolved external symbol "__declspec(dllimport) public: __cdecl std::_Lockit::~_Lockit(void)" (__imp_??1_Lockit@std@@QEAA@XZ)
shader.obj : error LNK2001: unresolved external symbol "__declspec(dllimport) public: __cdecl std::_Lockit::~_Lockit(void)" (__imp_??1_Lockit@std@@QEAA@XZ)
Source.obj : error LNK2001: unresolved external symbol "__declspec(dllimport) public: __cdecl std::_Lockit::~_Lockit(void)" (__imp_??1_Lockit@std@@QEAA@XZ)
staticMesh3D.obj : error LNK2001: unresolved external symbol "__declspec(dllimport) public: __cdecl std::_Lockit::~_Lockit(void)" (__imp_??1_Lockit@std@@QEAA@XZ)
staticMeshIndexed3D.obj : error LNK2001: unresolved external symbol __std_exception_copy
vboindexer.obj : error LNK2001: unresolved external symbol __std_exception_copy
vertexBufferObject.obj : error LNK2001: unresolved external symbol __std_exception_copy
cylinder.obj : error LNK2001: unresolved external symbol __std_exception_copy
shader.obj : error LNK2001: unresolved external symbol __std_exception_copy
Source.obj : error LNK2001: unresolved external symbol __std_exception_copy
staticMesh3D.obj : error LNK2001: unresolved external symbol __std_exception_copy
staticMeshIndexed3D.obj : error LNK2001: unresolved external symbol __std_exception_destroy
vboindexer.obj : error LNK2001: unresolved external symbol __std_exception_destroy
vertexBufferObject.obj : error LNK2001: unresolved external symbol __std_exception_destroy
cylinder.obj : error LNK2001: unresolved external symbol __std_exception_destroy
shader.obj : error LNK2001: unresolved external symbol __std_exception_destroy
Source.obj : error LNK2001: unresolved external symbol __std_exception_destroy
staticMesh3D.obj : error LNK2001: unresolved external symbol __std_exception_destroy
vertexBufferObject.obj : error LNK2001: unresolved external symbol "void __cdecl std::_Xlength_error(char const *)" (?_Xlength_error@std@@YAXPEBD@Z)
cylinder.obj : error LNK2001: unresolved external symbol "void __cdecl std::_Xlength_error(char const *)" (?_Xlength_error@std@@YAXPEBD@Z)
shader.obj : error LNK2001: unresolved external symbol "void __cdecl std::_Xlength_error(char const *)" (?_Xlength_error@std@@YAXPEBD@Z)
Source.obj : error LNK2001: unresolved external symbol "void __cdecl std::_Xlength_error(char const *)" (?_Xlength_error@std@@YAXPEBD@Z)
vboindexer.obj : error LNK2001: unresolved external symbol "void __cdecl std::_Xlength_error(char const *)" (?_Xlength_error@std@@YAXPEBD@Z)
staticMeshIndexed3D.obj : error LNK2001: unresolved external symbol _CxxThrowException
vboindexer.obj : error LNK2001: unresolved external symbol _CxxThrowException
vertexBufferObject.obj : error LNK2001: unresolved external symbol _CxxThrowException
cylinder.obj : error LNK2001: unresolved external symbol _CxxThrowException
shader.obj : error LNK2001: unresolved external symbol _CxxThrowException
Source.obj : error LNK2001: unresolved external symbol _CxxThrowException
staticMesh3D.obj : error LNK2001: unresolved external symbol _CxxThrowException
vboindexer.obj : error LNK2001: unresolved external symbol _RTC_CheckStackVars
vertexBufferObject.obj : error LNK2001: unresolved external symbol _RTC_CheckStackVars
Source.obj : error LNK2001: unresolved external symbol _RTC_CheckStackVars
staticMesh3D.obj : error LNK2001: unresolved external symbol _RTC_CheckStackVars
staticMeshIndexed3D.obj : error LNK2001: unresolved external symbol _RTC_CheckStackVars
Texture.obj : error LNK2001: unresolved external symbol _RTC_CheckStackVars
cylinder.obj : error LNK2001: unresolved external symbol _RTC_CheckStackVars
glad.obj : error LNK2001: unresolved external symbol _RTC_CheckStackVars
shader.obj : error LNK2001: unresolved external symbol _RTC_CheckStackVars
ShapeGenerator.obj : error LNK2001: unresolved external symbol _RTC_CheckStackVars
vboindexer.obj : error LNK2001: unresolved external symbol _RTC_InitBase
vertexBufferObject.obj : error LNK2001: unresolved external symbol _RTC_InitBase
Source.obj : error LNK2001: unresolved external symbol _RTC_InitBase
staticMesh3D.obj : error LNK2001: unresolved external symbol _RTC_InitBase
staticMeshIndexed3D.obj : error LNK2001: unresolved external symbol _RTC_InitBase
Texture.obj : error LNK2001: unresolved external symbol _RTC_InitBase
cylinder.obj : error LNK2001: unresolved external symbol _RTC_InitBase
glad.obj : error LNK2001: unresolved external symbol _RTC_InitBase
shader.obj : error LNK2001: unresolved external symbol _RTC_InitBase
ShapeGenerator.obj : error LNK2001: unresolved external symbol _RTC_InitBase
vboindexer.obj : error LNK2001: unresolved external symbol _RTC_Shutdown
vertexBufferObject.obj : error LNK2001: unresolved external symbol _RTC_Shutdown
Source.obj : error LNK2001: unresolved external symbol _RTC_Shutdown
staticMesh3D.obj : error LNK2001: unresolved external symbol _RTC_Shutdown
staticMeshIndexed3D.obj : error LNK2001: unresolved external symbol _RTC_Shutdown
Texture.obj : error LNK2001: unresolved external symbol _RTC_Shutdown
cylinder.obj : error LNK2001: unresolved external symbol _RTC_Shutdown
glad.obj : error LNK2001: unresolved external symbol _RTC_Shutdown
shader.obj : error LNK2001: unresolved external symbol _RTC_Shutdown
ShapeGenerator.obj : error LNK2001: unresolved external symbol _RTC_Shutdown
staticMeshIndexed3D.obj : error LNK2001: unresolved external symbol __CxxFrameHandler4
vboindexer.obj : error LNK2001: unresolved external symbol __CxxFrameHandler4
vertexBufferObject.obj : error LNK2001: unresolved external symbol __CxxFrameHandler4
cylinder.obj : error LNK2001: unresolved external symbol __CxxFrameHandler4
shader.obj : error LNK2001: unresolved external symbol __CxxFrameHandler4
Source.obj : error LNK2001: unresolved external symbol __CxxFrameHandler4
staticMesh3D.obj : error LNK2001: unresolved external symbol __CxxFrameHandler4
vboindexer.obj : error LNK2001: unresolved external symbol __GSHandlerCheck
vertexBufferObject.obj : error LNK2001: unresolved external symbol __GSHandlerCheck
Source.obj : error LNK2001: unresolved external symbol __GSHandlerCheck
staticMesh3D.obj : error LNK2001: unresolved external symbol __GSHandlerCheck
staticMeshIndexed3D.obj : error LNK2001: unresolved external symbol __GSHandlerCheck
Texture.obj : error LNK2001: unresolved external symbol __GSHandlerCheck
cylinder.obj : error LNK2001: unresolved external symbol __GSHandlerCheck
glad.obj : error LNK2001: unresolved external symbol __GSHandlerCheck
shader.obj : error LNK2001: unresolved external symbol __GSHandlerCheck
ShapeGenerator.obj : error LNK2001: unresolved external symbol __GSHandlerCheck
vertexBufferObject.obj : error LNK2019: unresolved external symbol __GSHandlerCheck_EH4 referenced in function "public: class std::vector<unsigned char,class std::allocator<unsigned char> > & __cdecl std::vector<unsigned char,class std::allocator<unsigned char> >::operator=(class std::vector<unsigned char,class std::allocator<unsigned char> > &&)" (??4?$vector@EV?$allocator@E@std@@@std@@QEAAAEAV01@$$QEAV01@@Z)
cylinder.obj : error LNK2001: unresolved external symbol __GSHandlerCheck_EH4
shader.obj : error LNK2001: unresolved external symbol __GSHandlerCheck_EH4
Source.obj : error LNK2001: unresolved external symbol __GSHandlerCheck_EH4
vboindexer.obj : error LNK2001: unresolved external symbol __GSHandlerCheck_EH4
vboindexer.obj : error LNK2001: unresolved external symbol __security_check_cookie
vertexBufferObject.obj : error LNK2001: unresolved external symbol __security_check_cookie
Source.obj : error LNK2001: unresolved external symbol __security_check_cookie
staticMesh3D.obj : error LNK2001: unresolved external symbol __security_check_cookie
staticMeshIndexed3D.obj : error LNK2001: unresolved external symbol __security_check_cookie
Texture.obj : error LNK2001: unresolved external symbol __security_check_cookie
cylinder.obj : error LNK2001: unresolved external symbol __security_check_cookie
glad.obj : error LNK2001: unresolved external symbol __security_check_cookie
shader.obj : error LNK2001: unresolved external symbol __security_check_cookie
ShapeGenerator.obj : error LNK2001: unresolved external symbol __security_check_cookie
staticMeshIndexed3D.obj : error LNK2001: unresolved external symbol "const type_info::`vftable'" (??_7type_info@@6B@)
vboindexer.obj : error LNK2001: unresolved external symbol "const type_info::`vftable'" (??_7type_info@@6B@)
vertexBufferObject.obj : error LNK2001: unresolved external symbol "const type_info::`vftable'" (??_7type_info@@6B@)
cylinder.obj : error LNK2001: unresolved external symbol "const type_info::`vftable'" (??_7type_info@@6B@)
shader.obj : error LNK2001: unresolved external symbol "const type_info::`vftable'" (??_7type_info@@6B@)
Source.obj : error LNK2001: unresolved external symbol "const type_info::`vftable'" (??_7type_info@@6B@)
staticMesh3D.obj : error LNK2001: unresolved external symbol "const type_info::`vftable'" (??_7type_info@@6B@)
vboindexer.obj : error LNK2001: unresolved external symbol __security_cookie
vertexBufferObject.obj : error LNK2001: unresolved external symbol __security_cookie
Source.obj : error LNK2001: unresolved external symbol __security_cookie
staticMesh3D.obj : error LNK2001: unresolved external symbol __security_cookie
staticMeshIndexed3D.obj : error LNK2001: unresolved external symbol __security_cookie
Texture.obj : error LNK2001: unresolved external symbol __security_cookie
cylinder.obj : error LNK2001: unresolved external symbol __security_cookie
glad.obj : error LNK2001: unresolved external symbol __security_cookie
shader.obj : error LNK2001: unresolved external symbol __security_cookie
ShapeGenerator.obj : error LNK2001: unresolved external symbol __security_cookie
cylinder.obj : error LNK2001: unresolved external symbol _fltused
ShapeGenerator.obj : error LNK2001: unresolved external symbol _fltused
Source.obj : error LNK2001: unresolved external symbol _fltused
vboindexer.obj : error LNK2001: unresolved external symbol _fltused
glad.obj : error LNK2019: unresolved external symbol __imp___stdio_common_vsscanf referenced in function _vsscanf_s_l
glad.obj : error LNK2019: unresolved external symbol __imp_free referenced in function free_exts
Source.obj : error LNK2001: unresolved external symbol __imp_free
Texture.obj : error LNK2001: unresolved external symbol __imp_free
glad.obj : error LNK2019: unresolved external symbol __imp_malloc referenced in function get_exts
Source.obj : error LNK2001: unresolved external symbol __imp_malloc
Texture.obj : error LNK2001: unresolved external symbol __imp_malloc
glad.obj : error LNK2019: unresolved external symbol memcpy referenced in function get_exts
shader.obj : error LNK2001: unresolved external symbol memcpy
Source.obj : error LNK2001: unresolved external symbol memcpy
vertexBufferObject.obj : error LNK2001: unresolved external symbol memcpy
glad.obj : error LNK2019: unresolved external symbol strlen referenced in function find_coreGL
Source.obj : error LNK2001: unresolved external symbol strlen
vertexBufferObject.obj : error LNK2001: unresolved external symbol strlen
glad.obj : error LNK2019: unresolved external symbol __imp_strncmp referenced in function find_coreGL
Source.obj : error LNK2001: unresolved external symbol __imp_strncmp
Texture.obj : error LNK2001: unresolved external symbol __imp_strncmp
glad.obj : error LNK2019: unresolved external symbol __imp_FreeLibrary referenced in function close_gl
glad.obj : error LNK2019: unresolved external symbol __imp_GetProcAddress referenced in function get_proc
glad.obj : error LNK2019: unresolved external symbol __imp_LoadLibraryW referenced in function open_gl
shader.obj : error LNK2019: unresolved external symbol __imp___acrt_iob_func referenced in function printf
Texture.obj : error LNK2001: unresolved external symbol __imp___acrt_iob_func
shader.obj : error LNK2019: unresolved external symbol __imp__get_stream_buffer_pointers referenced in function "protected: void __cdecl std::basic_filebuf<char,struct std::char_traits<char> >::_Init(struct _iobuf *,enum std::basic_filebuf<char,struct std::char_traits<char> >::_Initfl)" (?_Init@?$basic_filebuf@DU?$char_traits@D@std@@@std@@IEAAXPEAU_iobuf@@W4_Initfl@12@@Z)
Source.obj : error LNK2001: unresolved external symbol __imp__get_stream_buffer_pointers
shader.obj : error LNK2019: unresolved external symbol __imp_fclose referenced in function "public: class std::basic_filebuf<char,struct std::char_traits<char> > * __cdecl std::basic_filebuf<char,struct std::char_traits<char> >::close(void)" (?close@?$basic_filebuf@DU?$char_traits@D@std@@@std@@QEAAPEAV12@XZ)
Source.obj : error LNK2001: unresolved external symbol __imp_fclose
Texture.obj : error LNK2001: unresolved external symbol __imp_fclose
shader.obj : error LNK2019: unresolved external symbol __imp_fflush referenced in function "protected: virtual int __cdecl std::basic_filebuf<char,struct std::char_traits<char> >::sync(void)" (?sync@?$basic_filebuf@DU?$char_traits@D@std@@@std@@MEAAHXZ)
Source.obj : error LNK2001: unresolved external symbol __imp_fflush
shader.obj : error LNK2019: unresolved external symbol __imp_fgetc referenced in function "bool __cdecl std::_Fgetc<char>(char &,struct _iobuf *)" (??$_Fgetc@D@std@@YA_NAEADPEAU_iobuf@@@Z)
Source.obj : error LNK2001: unresolved external symbol __imp_fgetc
shader.obj : error LNK2019: unresolved external symbol __imp_fgetpos referenced in function "protected: virtual class std::fpos<struct _Mbstatet> __cdecl std::basic_filebuf<char,struct std::char_traits<char> >::seekoff(__int64,int,int)" (?seekoff@?$basic_filebuf@DU?$char_traits@D@std@@@std@@MEAA?AV?$fpos@U_Mbstatet@@@2@_JHH@Z)
Source.obj : error LNK2001: unresolved external symbol __imp_fgetpos
shader.obj : error LNK2019: unresolved external symbol __imp_fputc referenced in function "bool __cdecl std::_Fputc<char>(char,struct _iobuf *)" (??$_Fputc@D@std@@YA_NDPEAU_iobuf@@@Z)
Source.obj : error LNK2001: unresolved external symbol __imp_fputc
shader.obj : error LNK2019: unresolved external symbol __imp_fread referenced in function "protected: virtual __int64 __cdecl std::basic_filebuf<char,struct std::char_traits<char> >::xsgetn(char *,__int64)" (?xsgetn@?$basic_filebuf@DU?$char_traits@D@std@@@std@@MEAA_JPEAD_J@Z)
Source.obj : error LNK2001: unresolved external symbol __imp_fread
Texture.obj : error LNK2001: unresolved external symbol __imp_fread
shader.obj : error LNK2019: unresolved external symbol __imp_fsetpos referenced in function "protected: virtual class std::fpos<struct _Mbstatet> __cdecl std::basic_filebuf<char,struct std::char_traits<char> >::seekpos(class std::fpos<struct _Mbstatet>,int)" (?seekpos@?$basic_filebuf@DU?$char_traits@D@std@@@std@@MEAA?AV?$fpos@U_Mbstatet@@@2@V32@H@Z)
Source.obj : error LNK2001: unresolved external symbol __imp_fsetpos
shader.obj : error LNK2019: unresolved external symbol __imp__fseeki64 referenced in function "protected: virtual class std::fpos<struct _Mbstatet> __cdecl std::basic_filebuf<char,struct std::char_traits<char> >::seekoff(__int64,int,int)" (?seekoff@?$basic_filebuf@DU?$char_traits@D@std@@@std@@MEAA?AV?$fpos@U_Mbstatet@@@2@_JHH@Z)
Source.obj : error LNK2001: unresolved external symbol __imp__fseeki64
shader.obj : error LNK2019: unresolved external symbol __imp_fwrite referenced in function "protected: bool __cdecl std::basic_filebuf<char,struct std::char_traits<char> >::_Endwrite(void)" (?_Endwrite@?$basic_filebuf@DU?$char_traits@D@std@@@std@@IEAA_NXZ)
Source.obj : error LNK2001: unresolved external symbol __imp_fwrite
shader.obj : error LNK2019: unresolved external symbol __imp_getchar referenced in function "unsigned int __cdecl LoadShaders(char const *,char const *)" (?LoadShaders@@YAIPEBD0@Z)
Texture.obj : error LNK2001: unresolved external symbol __imp_getchar
shader.obj : error LNK2019: unresolved external symbol __imp_setvbuf referenced in function "protected: virtual class std::basic_streambuf<char,struct std::char_traits<char> > * __cdecl std::basic_filebuf<char,struct std::char_traits<char> >::setbuf(char *,__int64)" (?setbuf@?$basic_filebuf@DU?$char_traits@D@std@@@std@@MEAAPEAV?$basic_streambuf@DU?$char_traits@D@std@@@2@PEAD_J@Z)
Source.obj : error LNK2001: unresolved external symbol __imp_setvbuf
shader.obj : error LNK2019: unresolved external symbol __imp_ungetc referenced in function "bool __cdecl std::_Ungetc<char>(char const &,struct _iobuf *)" (??$_Ungetc@D@std@@YA_NAEBDPEAU_iobuf@@@Z)
Source.obj : error LNK2001: unresolved external symbol __imp_ungetc
shader.obj : error LNK2019: unresolved external symbol __imp__lock_file referenced in function "public: virtual void __cdecl std::basic_filebuf<char,struct std::char_traits<char> >::_Lock(void)" (?_Lock@?$basic_filebuf@DU?$char_traits@D@std@@@std@@UEAAXXZ)
Source.obj : error LNK2001: unresolved external symbol __imp__lock_file
shader.obj : error LNK2019: unresolved external symbol __imp__unlock_file referenced in function "public: virtual void __cdecl std::basic_filebuf<char,struct std::char_traits<char> >::_Unlock(void)" (?_Unlock@?$basic_filebuf@DU?$char_traits@D@std@@@std@@UEAAXXZ)
Source.obj : error LNK2001: unresolved external symbol __imp__unlock_file
shader.obj : error LNK2019: unresolved external symbol __imp___stdio_common_vfprintf referenced in function _vfprintf_l
Texture.obj : error LNK2001: unresolved external symbol __imp___stdio_common_vfprintf
shader.obj : error LNK2019: unresolved external symbol memset referenced in function "char * __cdecl std::_Zero_range<char *>(char * const,char * const)" (??$_Zero_range@PEAD@std@@YAPEADQEAD0@Z)
Source.obj : error LNK2001: unresolved external symbol memset
shader.obj : error LNK2019: unresolved external symbol "void __cdecl std::_Xout_of_range(char const *)" (?_Xout_of_range@std@@YAXPEBD@Z) referenced in function "public: static void __cdecl std::_String_val<struct std::_Simple_types<char> >::_Xran(void)" (?_Xran@?$_String_val@U?$_Simple_types@D@std@@@std@@SAXXZ)
Source.obj : error LNK2001: unresolved external symbol "void __cdecl std::_Xout_of_range(char const *)" (?_Xout_of_range@std@@YAXPEBD@Z)
shader.obj : error LNK2019: unresolved external symbol "void __cdecl std::_Facet_Register(class std::_Facet_base *)" (?_Facet_Register@std@@YAXPEAV_Facet_base@1@@Z) referenced in function "class std::codecvt<char,char,struct _Mbstatet> const & __cdecl std::use_facet<class std::codecvt<char,char,struct _Mbstatet> >(class std::locale const &)" (??$use_facet@V?$codecvt@DDU_Mbstatet@@@std@@@std@@YAAEBV?$codecvt@DDU_Mbstatet@@@0@AEBVlocale@0@@Z)
Source.obj : error LNK2001: unresolved external symbol "void __cdecl std::_Facet_Register(class std::_Facet_base *)" (?_Facet_Register@std@@YAXPEAV_Facet_base@1@@Z)
shader.obj : error LNK2019: unresolved external symbol "__declspec(dllimport) public: __cdecl std::locale::id::operator unsigned __int64(void)" (__imp_??Bid@locale@std@@QEAA_KXZ) referenced in function "class std::codecvt<char,char,struct _Mbstatet> const & __cdecl std::use_facet<class std::codecvt<char,char,struct _Mbstatet> >(class std::locale const &)" (??$use_facet@V?$codecvt@DDU_Mbstatet@@@std@@@std@@YAAEBV?$codecvt@DDU_Mbstatet@@@0@AEBVlocale@0@@Z)
Source.obj : error LNK2001: unresolved external symbol "__declspec(dllimport) public: __cdecl std::locale::id::operator unsigned __int64(void)" (__imp_??Bid@locale@std@@QEAA_KXZ)
shader.obj : error LNK2019: unresolved external symbol "private: static class std::locale::_Locimp * __cdecl std::locale::_Getgloballocale(void)" (?_Getgloballocale@locale@std@@CAPEAV_Locimp@12@XZ) referenced in function "public: class std::locale::facet const * __cdecl std::locale::_Getfacet(unsigned __int64)const " (?_Getfacet@locale@std@@QEBAPEBVfacet@12@_K@Z)
Source.obj : error LNK2001: unresolved external symbol "private: static class std::locale::_Locimp * __cdecl std::locale::_Getgloballocale(void)" (?_Getgloballocale@locale@std@@CAPEAV_Locimp@12@XZ)
shader.obj : error LNK2019: unresolved external symbol "__declspec(dllimport) public: bool __cdecl std::codecvt_base::always_noconv(void)const " (__imp_?always_noconv@codecvt_base@std@@QEBA_NXZ) referenced in function "protected: void __cdecl std::basic_filebuf<char,struct std::char_traits<char> >::_Initcvt(class std::codecvt<char,char,struct _Mbstatet> const &)" (?_Initcvt@?$basic_filebuf@DU?$char_traits@D@std@@@std@@IEAAXAEBV?$codecvt@DDU_Mbstatet@@@2@@Z)
Source.obj : error LNK2001: unresolved external symbol "__declspec(dllimport) public: bool __cdecl std::codecvt_base::always_noconv(void)const " (__imp_?always_noconv@codecvt_base@std@@QEBA_NXZ)
shader.obj : error LNK2019: unresolved external symbol "__declspec(dllimport) public: int __cdecl std::codecvt<char,char,struct _Mbstatet>::in(struct _Mbstatet &,char const *,char const *,char const * &,char *,char *,char * &)const " (__imp_?in@?$codecvt@DDU_Mbstatet@@@std@@QEBAHAEAU_Mbstatet@@PEBD1AEAPEBDPEAD3AEAPEAD@Z) referenced in function "protected: virtual int __cdecl std::basic_filebuf<char,struct std::char_traits<char> >::uflow(void)" (?uflow@?$basic_filebuf@DU?$char_traits@D@std@@@std@@MEAAHXZ)
Source.obj : error LNK2001: unresolved external symbol "__declspec(dllimport) public: int __cdecl std::codecvt<char,char,struct _Mbstatet>::in(struct _Mbstatet &,char const *,char const *,char const * &,char *,char *,char * &)const " (__imp_?in@?$codecvt@DDU_Mbstatet@@@std@@QEBAHAEAU_Mbstatet@@PEBD1AEAPEBDPEAD3AEAPEAD@Z)
shader.obj : error LNK2019: unresolved external symbol "__declspec(dllimport) public: int __cdecl std::codecvt<char,char,struct _Mbstatet>::out(struct _Mbstatet &,char const *,char const *,char const * &,char *,char *,char * &)const " (__imp_?out@?$codecvt@DDU_Mbstatet@@@std@@QEBAHAEAU_Mbstatet@@PEBD1AEAPEBDPEAD3AEAPEAD@Z) referenced in function "protected: virtual int __cdecl std::basic_filebuf<char,struct std::char_traits<char> >::overflow(int)" (?overflow@?$basic_filebuf@DU?$char_traits@D@std@@@std@@MEAAHH@Z)
Source.obj : error LNK2001: unresolved external symbol "__declspec(dllimport) public: int __cdecl std::codecvt<char,char,struct _Mbstatet>::out(struct _Mbstatet &,char const *,char const *,char const * &,char *,char *,char * &)const " (__imp_?out@?$codecvt@DDU_Mbstatet@@@std@@QEBAHAEAU_Mbstatet@@PEBD1AEAPEBDPEAD3AEAPEAD@Z)
shader.obj : error LNK2019: unresolved external symbol "__declspec(dllimport) public: int __cdecl std::codecvt<char,char,struct _Mbstatet>::unshift(struct _Mbstatet &,char *,char *,char * &)const " (__imp_?unshift@?$codecvt@DDU_Mbstatet@@@std@@QEBAHAEAU_Mbstatet@@PEAD1AEAPEAD@Z) referenced in function "protected: bool __cdecl std::basic_filebuf<char,struct std::char_traits<char> >::_Endwrite(void)" (?_Endwrite@?$basic_filebuf@DU?$char_traits@D@std@@@std@@IEAA_NXZ)
Source.obj : error LNK2001: unresolved external symbol "__declspec(dllimport) public: int __cdecl std::codecvt<char,char,struct _Mbstatet>::unshift(struct _Mbstatet &,char *,char *,char * &)const " (__imp_?unshift@?$codecvt@DDU_Mbstatet@@@std@@QEBAHAEAU_Mbstatet@@PEAD1AEAPEAD@Z)
shader.obj : error LNK2019: unresolved external symbol "__declspec(dllimport) public: static unsigned __int64 __cdecl std::codecvt<char,char,struct _Mbstatet>::_Getcat(class std::locale::facet const * *,class std::locale const *)" (__imp_?_Getcat@?$codecvt@DDU_Mbstatet@@@std@@SA_KPEAPEBVfacet@locale@2@PEBV42@@Z) referenced in function "class std::codecvt<char,char,struct _Mbstatet> const & __cdecl std::use_facet<class std::codecvt<char,char,struct _Mbstatet> >(class std::locale const &)" (??$use_facet@V?$codecvt@DDU_Mbstatet@@@std@@@std@@YAAEBV?$codecvt@DDU_Mbstatet@@@0@AEBVlocale@0@@Z)
Source.obj : error LNK2001: unresolved external symbol "__declspec(dllimport) public: static unsigned __int64 __cdecl std::codecvt<char,char,struct _Mbstatet>::_Getcat(class std::locale::facet const * *,class std::locale const *)" (__imp_?_Getcat@?$codecvt@DDU_Mbstatet@@@std@@SA_KPEAPEBVfacet@locale@2@PEBV42@@Z)
shader.obj : error LNK2019: unresolved external symbol "__declspec(dllimport) protected: __cdecl std::basic_streambuf<char,struct std::char_traits<char> >::basic_streambuf<char,struct std::char_traits<char> >(void)" (__imp_??0?$basic_streambuf@DU?$char_traits@D@std@@@std@@IEAA@XZ) referenced in function "public: __cdecl std::basic_filebuf<char,struct std::char_traits<char> >::basic_filebuf<char,struct std::char_traits<char> >(void)" (??0?$basic_filebuf@DU?$char_traits@D@std@@@std@@QEAA@XZ)
Source.obj : error LNK2001: unresolved external symbol "__declspec(dllimport) protected: __cdecl std::basic_streambuf<char,struct std::char_traits<char> >::basic_streambuf<char,struct std::char_traits<char> >(void)" (__imp_??0?$basic_streambuf@DU?$char_traits@D@std@@@std@@IEAA@XZ)
shader.obj : error LNK2019: unresolved external symbol "__declspec(dllimport) public: virtual __cdecl std::basic_streambuf<char,struct std::char_traits<char> >::~basic_streambuf<char,struct std::char_traits<char> >(void)" (__imp_??1?$basic_streambuf@DU?$char_traits@D@std@@@std@@UEAA@XZ) referenced in function "int `public: __cdecl std::basic_filebuf<char,struct std::char_traits<char> >::basic_filebuf<char,struct std::char_traits<char> >(void)'::`1'::dtor$0" (?dtor$0@?0???0?$basic_filebuf@DU?$char_traits@D@std@@@std@@QEAA@XZ@4HA)
Source.obj : error LNK2001: unresolved external symbol "__declspec(dllimport) public: virtual __cdecl std::basic_streambuf<char,struct std::char_traits<char> >::~basic_streambuf<char,struct std::char_traits<char> >(void)" (__imp_??1?$basic_streambuf@DU?$char_traits@D@std@@@std@@UEAA@XZ)
shader.obj : error LNK2019: unresolved external symbol "__declspec(dllimport) public: class std::locale __cdecl std::basic_streambuf<char,struct std::char_traits<char> >::getloc(void)const " (__imp_?getloc@?$basic_streambuf@DU?$char_traits@D@std@@@std@@QEBA?AVlocale@2@XZ) referenced in function "public: class std::basic_filebuf<char,struct std::char_traits<char> > * __cdecl std::basic_filebuf<char,struct std::char_traits<char> >::open(char const *,int,int)" (?open@?$basic_filebuf@DU?$char_traits@D@std@@@std@@QEAAPEAV12@PEBDHH@Z)
Source.obj : error LNK2001: unresolved external symbol "__declspec(dllimport) public: class std::locale __cdecl std::basic_streambuf<char,struct std::char_traits<char> >::getloc(void)const " (__imp_?getloc@?$basic_streambuf@DU?$char_traits@D@std@@@std@@QEBA?AVlocale@2@XZ)
shader.obj : error LNK2019: unresolved external symbol "__declspec(dllimport) protected: char * __cdecl std::basic_streambuf<char,struct std::char_traits<char> >::eback(void)const " (__imp_?eback@?$basic_streambuf@DU?$char_traits@D@std@@@std@@IEBAPEADXZ) referenced in function "public: struct std::basic_stringbuf<char,struct std::char_traits<char>,class std::allocator<char> >::_Buffer_view __cdecl std::basic_stringbuf<char,struct std::char_traits<char>,class std::allocator<char> >::_Get_buffer_view(void)const " (?_Get_buffer_view@?$basic_stringbuf@DU?$char_traits@D@std@@V?$allocator@D@2@@std@@QEBA?AU_Buffer_view@12@XZ)
Source.obj : error LNK2001: unresolved external symbol "__declspec(dllimport) protected: char * __cdecl std::basic_streambuf<char,struct std::char_traits<char> >::eback(void)const " (__imp_?eback@?$basic_streambuf@DU?$char_traits@D@std@@@std@@IEBAPEADXZ)
shader.obj : error LNK2019: unresolved external symbol "__declspec(dllimport) protected: char * __cdecl std::basic_streambuf<char,struct std::char_traits<char> >::gptr(void)const " (__imp_?gptr@?$basic_streambuf@DU?$char_traits@D@std@@@std@@IEBAPEADXZ) referenced in function "public: struct std::basic_stringbuf<char,struct std::char_traits<char>,class std::allocator<char> >::_Buffer_view __cdecl std::basic_stringbuf<char,struct std::char_traits<char>,class std::allocator<char> >::_Get_buffer_view(void)const " (?_Get_buffer_view@?$basic_stringbuf@DU?$char_traits@D@std@@V?$allocator@D@2@@std@@QEBA?AU_Buffer_view@12@XZ)
Source.obj : error LNK2001: unresolved external symbol "__declspec(dllimport) protected: char * __cdecl std::basic_streambuf<char,struct std::char_traits<char> >::gptr(void)const " (__imp_?gptr@?$basic_streambuf@DU?$char_traits@D@std@@@std@@IEBAPEADXZ)
shader.obj : error LNK2019: unresolved external symbol "__declspec(dllimport) protected: char * __cdecl std::basic_streambuf<char,struct std::char_traits<char> >::pbase(void)const " (__imp_?pbase@?$basic_streambuf@DU?$char_traits@D@std@@@std@@IEBAPEADXZ) referenced in function "public: struct std::basic_stringbuf<char,struct std::char_traits<char>,class std::allocator<char> >::_Buffer_view __cdecl std::basic_stringbuf<char,struct std::char_traits<char>,class std::allocator<char> >::_Get_buffer_view(void)const " (?_Get_buffer_view@?$basic_stringbuf@DU?$char_traits@D@std@@V?$allocator@D@2@@std@@QEBA?AU_Buffer_view@12@XZ)
Source.obj : error LNK2001: unresolved external symbol "__declspec(dllimport) protected: char * __cdecl std::basic_streambuf<char,struct std::char_traits<char> >::pbase(void)const " (__imp_?pbase@?$basic_streambuf@DU?$char_traits@D@std@@@std@@IEBAPEADXZ)
shader.obj : error LNK2019: unresolved external symbol "__declspec(dllimport) protected: char * __cdecl std::basic_streambuf<char,struct std::char_traits<char> >::pptr(void)const " (__imp_?pptr@?$basic_streambuf@DU?$char_traits@D@std@@@std@@IEBAPEADXZ) referenced in function "public: struct std::basic_stringbuf<char,struct std::char_traits<char>,class std::allocator<char> >::_Buffer_view __cdecl std::basic_stringbuf<char,struct std::char_traits<char>,class std::allocator<char> >::_Get_buffer_view(void)const " (?_Get_buffer_view@?$basic_stringbuf@DU?$char_traits@D@std@@V?$allocator@D@2@@std@@QEBA?AU_Buffer_view@12@XZ)
Source.obj : error LNK2001: unresolved external symbol "__declspec(dllimport) protected: char * __cdecl std::basic_streambuf<char,struct std::char_traits<char> >::pptr(void)const " (__imp_?pptr@?$basic_streambuf@DU?$char_traits@D@std@@@std@@IEBAPEADXZ)
shader.obj : error LNK2019: unresolved external symbol "__declspec(dllimport) protected: char * __cdecl std::basic_streambuf<char,struct std::char_traits<char> >::egptr(void)const " (__imp_?egptr@?$basic_streambuf@DU?$char_traits@D@std@@@std@@IEBAPEADXZ) referenced in function "public: struct std::basic_stringbuf<char,struct std::char_traits<char>,class std::allocator<char> >::_Buffer_view __cdecl std::basic_stringbuf<char,struct std::char_traits<char>,class std::allocator<char> >::_Get_buffer_view(void)const " (?_Get_buffer_view@?$basic_stringbuf@DU?$char_traits@D@std@@V?$allocator@D@2@@std@@QEBA?AU_Buffer_view@12@XZ)
Source.obj : error LNK2001: unresolved external symbol "__declspec(dllimport) protected: char * __cdecl std::basic_streambuf<char,struct std::char_traits<char> >::egptr(void)const " (__imp_?egptr@?$basic_streambuf@DU?$char_traits@D@std@@@std@@IEBAPEADXZ)
shader.obj : error LNK2019: unresolved external symbol "__declspec(dllimport) protected: void __cdecl std::basic_streambuf<char,struct std::char_traits<char> >::gbump(int)" (__imp_?gbump@?$basic_streambuf@DU?$char_traits@D@std@@@std@@IEAAXH@Z) referenced in function "protected: virtual int __cdecl std::basic_stringbuf<char,struct std::char_traits<char>,class std::allocator<char> >::pbackfail(int)" (?pbackfail@?$basic_stringbuf@DU?$char_traits@D@std@@V?$allocator@D@2@@std@@MEAAHH@Z)
Source.obj : error LNK2001: unresolved external symbol "__declspec(dllimport) protected: void __cdecl std::basic_streambuf<char,struct std::char_traits<char> >::gbump(int)" (__imp_?gbump@?$basic_streambuf@DU?$char_traits@D@std@@@std@@IEAAXH@Z)
shader.obj : error LNK2019: unresolved external symbol "__declspec(dllimport) protected: void __cdecl std::basic_streambuf<char,struct std::char_traits<char> >::setg(char *,char *,char *)" (__imp_?setg@?$basic_streambuf@DU?$char_traits@D@std@@@std@@IEAAXPEAD00@Z) referenced in function "private: void __cdecl std::basic_filebuf<char,struct std::char_traits<char> >::_Reset_back(void)" (?_Reset_back@?$basic_filebuf@DU?$char_traits@D@std@@@std@@AEAAXXZ)
Source.obj : error LNK2001: unresolved external symbol "__declspec(dllimport) protected: void __cdecl std::basic_streambuf<char,struct std::char_traits<char> >::setg(char *,char *,char *)" (__imp_?setg@?$basic_streambuf@DU?$char_traits@D@std@@@std@@IEAAXPEAD00@Z)
shader.obj : error LNK2019: unresolved external symbol "__declspec(dllimport) protected: char * __cdecl std::basic_streambuf<char,struct std::char_traits<char> >::epptr(void)const " (__imp_?epptr@?$basic_streambuf@DU?$char_traits@D@std@@@std@@IEBAPEADXZ) referenced in function "public: struct std::basic_stringbuf<char,struct std::char_traits<char>,class std::allocator<char> >::_Buffer_view __cdecl std::basic_stringbuf<char,struct std::char_traits<char>,class std::allocator<char> >::_Get_buffer_view(void)const " (?_Get_buffer_view@?$basic_stringbuf@DU?$char_traits@D@std@@V?$allocator@D@2@@std@@QEBA?AU_Buffer_view@12@XZ)
Source.obj : error LNK2001: unresolved external symbol "__declspec(dllimport) protected: char * __cdecl std::basic_streambuf<char,struct std::char_traits<char> >::epptr(void)const " (__imp_?epptr@?$basic_streambuf@DU?$char_traits@D@std@@@std@@IEBAPEADXZ)
shader.obj : error LNK2019: unresolved external symbol "__declspec(dllimport) protected: char * __cdecl std::basic_streambuf<char,struct std::char_traits<char> >::_Gndec(void)" (__imp_?_Gndec@?$basic_streambuf@DU?$char_traits@D@std@@@std@@IEAAPEADXZ) referenced in function "protected: virtual int __cdecl std::basic_filebuf<char,struct std::char_traits<char> >::pbackfail(int)" (?pbackfail@?$basic_filebuf@DU?$char_traits@D@std@@@std@@MEAAHH@Z)
Source.obj : error LNK2001: unresolved external symbol "__declspec(dllimport) protected: char * __cdecl std::basic_streambuf<char,struct std::char_traits<char> >::_Gndec(void)" (__imp_?_Gndec@?$basic_streambuf@DU?$char_traits@D@std@@@std@@IEAAPEADXZ)
shader.obj : error LNK2019: unresolved external symbol "__declspec(dllimport) protected: char * __cdecl std::basic_streambuf<char,struct std::char_traits<char> >::_Gninc(void)" (__imp_?_Gninc@?$basic_streambuf@DU?$char_traits@D@std@@@std@@IEAAPEADXZ) referenced in function "protected: virtual int __cdecl std::basic_filebuf<char,struct std::char_traits<char> >::uflow(void)" (?uflow@?$basic_filebuf@DU?$char_traits@D@std@@@std@@MEAAHXZ)
Source.obj : error LNK2001: unresolved external symbol "__declspec(dllimport) protected: char * __cdecl std::basic_streambuf<char,struct std::char_traits<char> >::_Gninc(void)" (__imp_?_Gninc@?$basic_streambuf@DU?$char_traits@D@std@@@std@@IEAAPEADXZ)
shader.obj : error LNK2019: unresolved external symbol "__declspec(dllimport) protected: __int64 __cdecl std::basic_streambuf<char,struct std::char_traits<char> >::_Gnavail(void)const " (__imp_?_Gnavail@?$basic_streambuf@DU?$char_traits@D@std@@@std@@IEBA_JXZ) referenced in function "protected: virtual __int64 __cdecl std::basic_filebuf<char,struct std::char_traits<char> >::xsgetn(char *,__int64)" (?xsgetn@?$basic_filebuf@DU?$char_traits@D@std@@@std@@MEAA_JPEAD_J@Z)
Source.obj : error LNK2001: unresolved external symbol "__declspec(dllimport) protected: __int64 __cdecl std::basic_streambuf<char,struct std::char_traits<char> >::_Gnavail(void)const " (__imp_?_Gnavail@?$basic_streambuf@DU?$char_traits@D@std@@@std@@IEBA_JXZ)
shader.obj : error LNK2019: unresolved external symbol "__declspec(dllimport) protected: void __cdecl std::basic_streambuf<char,struct std::char_traits<char> >::pbump(int)" (__imp_?pbump@?$basic_streambuf@DU?$char_traits@D@std@@@std@@IEAAXH@Z) referenced in function "protected: virtual __int64 __cdecl std::basic_filebuf<char,struct std::char_traits<char> >::xsputn(char const *,__int64)" (?xsputn@?$basic_filebuf@DU?$char_traits@D@std@@@std@@MEAA_JPEBD_J@Z)
Source.obj : error LNK2001: unresolved external symbol "__declspec(dllimport) protected: void __cdecl std::basic_streambuf<char,struct std::char_traits<char> >::pbump(int)" (__imp_?pbump@?$basic_streambuf@DU?$char_traits@D@std@@@std@@IEAAXH@Z)
shader.obj : error LNK2019: unresolved external symbol "__declspec(dllimport) protected: void __cdecl std::basic_streambuf<char,struct std::char_traits<char> >::setp(char *,char *)" (__imp_?setp@?$basic_streambuf@DU?$char_traits@D@std@@@std@@IEAAXPEAD0@Z) referenced in function "protected: void __cdecl std::basic_stringbuf<char,struct std::char_traits<char>,class std::allocator<char> >::_Tidy(void)" (?_Tidy@?$basic_stringbuf@DU?$char_traits@D@std@@V?$allocator@D@2@@std@@IEAAXXZ)
Source.obj : error LNK2001: unresolved external symbol "__declspec(dllimport) protected: void __cdecl std::basic_streambuf<char,struct std::char_traits<char> >::setp(char *,char *)" (__imp_?setp@?$basic_streambuf@DU?$char_traits@D@std@@@std@@IEAAXPEAD0@Z)
shader.obj : error LNK2019: unresolved external symbol "__declspec(dllimport) protected: void __cdecl std::basic_streambuf<char,struct std::char_traits<char> >::setp(char *,char *,char *)" (__imp_?setp@?$basic_streambuf@DU?$char_traits@D@std@@@std@@IEAAXPEAD00@Z) referenced in function "protected: virtual int __cdecl std::basic_stringbuf<char,struct std::char_traits<char>,class std::allocator<char> >::overflow(int)" (?overflow@?$basic_stringbuf@DU?$char_traits@D@std@@V?$allocator@D@2@@std@@MEAAHH@Z)
Source.obj : error LNK2001: unresolved external symbol "__declspec(dllimport) protected: void __cdecl std::basic_streambuf<char,struct std::char_traits<char> >::setp(char *,char *,char *)" (__imp_?setp@?$basic_streambuf@DU?$char_traits@D@std@@@std@@IEAAXPEAD00@Z)
shader.obj : error LNK2019: unresolved external symbol "__declspec(dllimport) protected: char * __cdecl std::basic_streambuf<char,struct std::char_traits<char> >::_Pninc(void)" (__imp_?_Pninc@?$basic_streambuf@DU?$char_traits@D@std@@@std@@IEAAPEADXZ) referenced in function "protected: virtual int __cdecl std::basic_filebuf<char,struct std::char_traits<char> >::overflow(int)" (?overflow@?$basic_filebuf@DU?$char_traits@D@std@@@std@@MEAAHH@Z)
Source.obj : error LNK2001: unresolved external symbol "__declspec(dllimport) protected: char * __cdecl std::basic_streambuf<char,struct std::char_traits<char> >::_Pninc(void)" (__imp_?_Pninc@?$basic_streambuf@DU?$char_traits@D@std@@@std@@IEAAPEADXZ)
shader.obj : error LNK2019: unresolved external symbol "__declspec(dllimport) protected: __int64 __cdecl std::basic_streambuf<char,struct std::char_traits<char> >::_Pnavail(void)const " (__imp_?_Pnavail@?$basic_streambuf@DU?$char_traits@D@std@@@std@@IEBA_JXZ) referenced in function "protected: virtual __int64 __cdecl std::basic_filebuf<char,struct std::char_traits<char> >::xsputn(char const *,__int64)" (?xsputn@?$basic_filebuf@DU?$char_traits@D@std@@@std@@MEAA_JPEBD_J@Z)
Source.obj : error LNK2001: unresolved external symbol "__declspec(dllimport) protected: __int64 __cdecl std::basic_streambuf<char,struct std::char_traits<char> >::_Pnavail(void)const " (__imp_?_Pnavail@?$basic_streambuf@DU?$char_traits@D@std@@@std@@IEBA_JXZ)
shader.obj : error LNK2019: unresolved external symbol "__declspec(dllimport) protected: void __cdecl std::basic_streambuf<char,struct std::char_traits<char> >::_Init(void)" (__imp_?_Init@?$basic_streambuf@DU?$char_traits@D@std@@@std@@IEAAXXZ) referenced in function "protected: void __cdecl std::basic_filebuf<char,struct std::char_traits<char> >::_Init(struct _iobuf *,enum std::basic_filebuf<char,struct std::char_traits<char> >::_Initfl)" (?_Init@?$basic_filebuf@DU?$char_traits@D@std@@@std@@IEAAXPEAU_iobuf@@W4_Initfl@12@@Z)
Source.obj : error LNK2001: unresolved external symbol "__declspec(dllimport) protected: void __cdecl std::basic_streambuf<char,struct std::char_traits<char> >::_Init(void)" (__imp_?_Init@?$basic_streambuf@DU?$char_traits@D@std@@@std@@IEAAXXZ)
shader.obj : error LNK2019: unresolved external symbol "__declspec(dllimport) protected: void __cdecl std::basic_streambuf<char,struct std::char_traits<char> >::_Init(char * *,char * *,int *,char * *,char * *,int *)" (__imp_?_Init@?$basic_streambuf@DU?$char_traits@D@std@@@std@@IEAAXPEAPEAD0PEAH001@Z) referenced in function "protected: void __cdecl std::basic_filebuf<char,struct std::char_traits<char> >::_Init(struct _iobuf *,enum std::basic_filebuf<char,struct std::char_traits<char> >::_Initfl)" (?_Init@?$basic_filebuf@DU?$char_traits@D@std@@@std@@IEAAXPEAU_iobuf@@W4_Initfl@12@@Z)
Source.obj : error LNK2001: unresolved external symbol "__declspec(dllimport) protected: void __cdecl std::basic_streambuf<char,struct std::char_traits<char> >::_Init(char * *,char * *,int *,char * *,char * *,int *)" (__imp_?_Init@?$basic_streambuf@DU?$char_traits@D@std@@@std@@IEAAXPEAPEAD0PEAH001@Z)
shader.obj : error LNK2019: unresolved external symbol "__declspec(dllimport) protected: virtual __int64 __cdecl std::basic_streambuf<char,struct std::char_traits<char> >::xsgetn(char *,__int64)" (__imp_?xsgetn@?$basic_streambuf@DU?$char_traits@D@std@@@std@@MEAA_JPEAD_J@Z) referenced in function "protected: virtual __int64 __cdecl std::basic_filebuf<char,struct std::char_traits<char> >::xsgetn(char *,__int64)" (?xsgetn@?$basic_filebuf@DU?$char_traits@D@std@@@std@@MEAA_JPEAD_J@Z)
Source.obj : error LNK2001: unresolved external symbol "__declspec(dllimport) protected: virtual __int64 __cdecl std::basic_streambuf<char,struct std::char_traits<char> >::xsgetn(char *,__int64)" (__imp_?xsgetn@?$basic_streambuf@DU?$char_traits@D@std@@@std@@MEAA_JPEAD_J@Z)
shader.obj : error LNK2019: unresolved external symbol "__declspec(dllimport) protected: virtual __int64 __cdecl std::basic_streambuf<char,struct std::char_traits<char> >::xsputn(char const *,__int64)" (__imp_?xsputn@?$basic_streambuf@DU?$char_traits@D@std@@@std@@MEAA_JPEBD_J@Z) referenced in function "protected: virtual __int64 __cdecl std::basic_filebuf<char,struct std::char_traits<char> >::xsputn(char const *,__int64)" (?xsputn@?$basic_filebuf@DU?$char_traits@D@std@@@std@@MEAA_JPEBD_J@Z)
Source.obj : error LNK2001: unresolved external symbol "__declspec(dllimport) protected: virtual __int64 __cdecl std::basic_streambuf<char,struct std::char_traits<char> >::xsputn(char const *,__int64)" (__imp_?xsputn@?$basic_streambuf@DU?$char_traits@D@std@@@std@@MEAA_JPEBD_J@Z)
shader.obj : error LNK2019: unresolved external symbol "__declspec(dllimport) public: virtual __cdecl std::basic_ios<char,struct std::char_traits<char> >::~basic_ios<char,struct std::char_traits<char> >(void)" (__imp_??1?$basic_ios@DU?$char_traits@D@std@@@std@@UEAA@XZ) referenced in function "int `public: __cdecl std::basic_ifstream<char,struct std::char_traits<char> >::basic_ifstream<char,struct std::char_traits<char> >(char const *,int,int)'::`1'::dtor$0" (?dtor$0@?0???0?$basic_ifstream@DU?$char_traits@D@std@@@std@@QEAA@PEBDHH@Z@4HA)
Source.obj : error LNK2001: unresolved external symbol "__declspec(dllimport) public: virtual __cdecl std::basic_ios<char,struct std::char_traits<char> >::~basic_ios<char,struct std::char_traits<char> >(void)" (__imp_??1?$basic_ios@DU?$char_traits@D@std@@@std@@UEAA@XZ)
shader.obj : error LNK2019: unresolved external symbol "__declspec(dllimport) public: void __cdecl std::basic_ios<char,struct std::char_traits<char> >::setstate(int,bool)" (__imp_?setstate@?$basic_ios@DU?$char_traits@D@std@@@std@@QEAAXH_N@Z) referenced in function "public: __cdecl std::basic_ifstream<char,struct std::char_traits<char> >::basic_ifstream<char,struct std::char_traits<char> >(char const *,int,int)" (??0?$basic_ifstream@DU?$char_traits@D@std@@@std@@QEAA@PEBDHH@Z)
Source.obj : error LNK2001: unresolved external symbol "__declspec(dllimport) public: void __cdecl std::basic_ios<char,struct std::char_traits<char> >::setstate(int,bool)" (__imp_?setstate@?$basic_ios@DU?$char_traits@D@std@@@std@@QEAAXH_N@Z)
vertexBufferObject.obj : error LNK2001: unresolved external symbol "__declspec(dllimport) public: void __cdecl std::basic_ios<char,struct std::char_traits<char> >::setstate(int,bool)" (__imp_?setstate@?$basic_ios@DU?$char_traits@D@std@@@std@@QEAAXH_N@Z)
shader.obj : error LNK2019: unresolved external symbol "__declspec(dllimport) protected: __cdecl std::basic_ios<char,struct std::char_traits<char> >::basic_ios<char,struct std::char_traits<char> >(void)" (__imp_??0?$basic_ios@DU?$char_traits@D@std@@@std@@IEAA@XZ) referenced in function "public: __cdecl std::basic_ifstream<char,struct std::char_traits<char> >::basic_ifstream<char,struct std::char_traits<char> >(char const *,int,int)" (??0?$basic_ifstream@DU?$char_traits@D@std@@@std@@QEAA@PEBDHH@Z)
Source.obj : error LNK2001: unresolved external symbol "__declspec(dllimport) protected: __cdecl std::basic_ios<char,struct std::char_traits<char> >::basic_ios<char,struct std::char_traits<char> >(void)" (__imp_??0?$basic_ios@DU?$char_traits@D@std@@@std@@IEAA@XZ)
shader.obj : error LNK2019: unresolved external symbol "__declspec(dllimport) public: class std::basic_ostream<char,struct std::char_traits<char> > & __cdecl std::basic_ostream<char,struct std::char_traits<char> >::operator<<(class std::basic_streambuf<char,struct std::char_traits<char> > *)" (__imp_??6?$basic_ostream@DU?$char_traits@D@std@@@std@@QEAAAEAV01@PEAV?$basic_streambuf@DU?$char_traits@D@std@@@1@@Z) referenced in function "unsigned int __cdecl LoadShaders(char const *,char const *)" (?LoadShaders@@YAIPEBD0@Z)
Source.obj : error LNK2001: unresolved external symbol "__declspec(dllimport) public: class std::basic_ostream<char,struct std::char_traits<char> > & __cdecl std::basic_ostream<char,struct std::char_traits<char> >::operator<<(class std::basic_streambuf<char,struct std::char_traits<char> > *)" (__imp_??6?$basic_ostream@DU?$char_traits@D@std@@@std@@QEAAAEAV01@PEAV?$basic_streambuf@DU?$char_traits@D@std@@@1@@Z)
shader.obj : error LNK2019: unresolved external symbol "__declspec(dllimport) public: __cdecl std::basic_istream<char,struct std::char_traits<char> >::basic_istream<char,struct std::char_traits<char> >(class std::basic_streambuf<char,struct std::char_traits<char> > *,bool)" (__imp_??0?$basic_istream@DU?$char_traits@D@std@@@std@@QEAA@PEAV?$basic_streambuf@DU?$char_traits@D@std@@@1@_N@Z) referenced in function "public: __cdecl std::basic_ifstream<char,struct std::char_traits<char> >::basic_ifstream<char,struct std::char_traits<char> >(char const *,int,int)" (??0?$basic_ifstream@DU?$char_traits@D@std@@@std@@QEAA@PEBDHH@Z)
Source.obj : error LNK2001: unresolved external symbol "__declspec(dllimport) public: __cdecl std::basic_istream<char,struct std::char_traits<char> >::basic_istream<char,struct std::char_traits<char> >(class std::basic_streambuf<char,struct std::char_traits<char> > *,bool)" (__imp_??0?$basic_istream@DU?$char_traits@D@std@@@std@@QEAA@PEAV?$basic_streambuf@DU?$char_traits@D@std@@@1@_N@Z)
shader.obj : error LNK2019: unresolved external symbol "__declspec(dllimport) public: virtual __cdecl std::basic_istream<char,struct std::char_traits<char> >::~basic_istream<char,struct std::char_traits<char> >(void)" (__imp_??1?$basic_istream@DU?$char_traits@D@std@@@std@@UEAA@XZ) referenced in function "int `public: __cdecl std::basic_ifstream<char,struct std::char_traits<char> >::basic_ifstream<char,struct std::char_traits<char> >(char const *,int,int)'::`1'::dtor$1" (?dtor$1@?0???0?$basic_ifstream@DU?$char_traits@D@std@@@std@@QEAA@PEBDHH@Z@4HA)
Source.obj : error LNK2001: unresolved external symbol "__declspec(dllimport) public: virtual __cdecl std::basic_istream<char,struct std::char_traits<char> >::~basic_istream<char,struct std::char_traits<char> >(void)" (__imp_??1?$basic_istream@DU?$char_traits@D@std@@@std@@UEAA@XZ)
shader.obj : error LNK2019: unresolved external symbol "__declspec(dllimport) public: __cdecl std::basic_iostream<char,struct std::char_traits<char> >::basic_iostream<char,struct std::char_traits<char> >(class std::basic_streambuf<char,struct std::char_traits<char> > *)" (__imp_??0?$basic_iostream@DU?$char_traits@D@std@@@std@@QEAA@PEAV?$basic_streambuf@DU?$char_traits@D@std@@@1@@Z) referenced in function "public: __cdecl std::basic_stringstream<char,struct std::char_traits<char>,class std::allocator<char> >::basic_stringstream<char,struct std::char_traits<char>,class std::allocator<char> >(void)" (??0?$basic_stringstream@DU?$char_traits@D@std@@V?$allocator@D@2@@std@@QEAA@XZ)
Source.obj : error LNK2001: unresolved external symbol "__declspec(dllimport) public: __cdecl std::basic_iostream<char,struct std::char_traits<char> >::basic_iostream<char,struct std::char_traits<char> >(class std::basic_streambuf<char,struct std::char_traits<char> > *)" (__imp_??0?$basic_iostream@DU?$char_traits@D@std@@@std@@QEAA@PEAV?$basic_streambuf@DU?$char_traits@D@std@@@1@@Z)
shader.obj : error LNK2019: unresolved external symbol "__declspec(dllimport) public: virtual __cdecl std::basic_iostream<char,struct std::char_traits<char> >::~basic_iostream<char,struct std::char_traits<char> >(void)" (__imp_??1?$basic_iostream@DU?$char_traits@D@std@@@std@@UEAA@XZ) referenced in function "int `public: __cdecl std::basic_stringstream<char,struct std::char_traits<char>,class std::allocator<char> >::basic_stringstream<char,struct std::char_traits<char>,class std::allocator<char> >(void)'::`1'::dtor$1" (?dtor$1@?0???0?$basic_stringstream@DU?$char_traits@D@std@@V?$allocator@D@2@@std@@QEAA@XZ@4HA)
Source.obj : error LNK2001: unresolved external symbol "__declspec(dllimport) public: virtual __cdecl std::basic_iostream<char,struct std::char_traits<char> >::~basic_iostream<char,struct std::char_traits<char> >(void)" (__imp_??1?$basic_iostream@DU?$char_traits@D@std@@@std@@UEAA@XZ)
shader.obj : error LNK2019: unresolved external symbol "struct _iobuf * __cdecl std::_Fiopen(char const *,int,int)" (?_Fiopen@std@@YAPEAU_iobuf@@PEBDHH@Z) referenced in function "public: class std::basic_filebuf<char,struct std::char_traits<char> > * __cdecl std::basic_filebuf<char,struct std::char_traits<char> >::open(char const *,int,int)" (?open@?$basic_filebuf@DU?$char_traits@D@std@@@std@@QEAAPEAV12@PEBDHH@Z)
Source.obj : error LNK2001: unresolved external symbol "struct _iobuf * __cdecl std::_Fiopen(char const *,int,int)" (?_Fiopen@std@@YAPEAU_iobuf@@PEBDHH@Z)
shader.obj : error LNK2001: unresolved external symbol "public: virtual void __cdecl std::basic_streambuf<char,struct std::char_traits<char> >::_Lock(void)" (?_Lock@?$basic_streambuf@DU?$char_traits@D@std@@@std@@UEAAXXZ)
Source.obj : error LNK2001: unresolved external symbol "public: virtual void __cdecl std::basic_streambuf<char,struct std::char_traits<char> >::_Lock(void)" (?_Lock@?$basic_streambuf@DU?$char_traits@D@std@@@std@@UEAAXXZ)
shader.obj : error LNK2001: unresolved external symbol "public: virtual void __cdecl std::basic_streambuf<char,struct std::char_traits<char> >::_Unlock(void)" (?_Unlock@?$basic_streambuf@DU?$char_traits@D@std@@@std@@UEAAXXZ)
Source.obj : error LNK2001: unresolved external symbol "public: virtual void __cdecl std::basic_streambuf<char,struct std::char_traits<char> >::_Unlock(void)" (?_Unlock@?$basic_streambuf@DU?$char_traits@D@std@@@std@@UEAAXXZ)
shader.obj : error LNK2001: unresolved external symbol "protected: virtual void __cdecl std::basic_streambuf<char,struct std::char_traits<char> >::imbue(class std::locale const &)" (?imbue@?$basic_streambuf@DU?$char_traits@D@std@@@std@@MEAAXAEBVlocale@2@@Z)
Source.obj : error LNK2001: unresolved external symbol "protected: virtual void __cdecl std::basic_streambuf<char,struct std::char_traits<char> >::imbue(class std::locale const &)" (?imbue@?$basic_streambuf@DU?$char_traits@D@std@@@std@@MEAAXAEBVlocale@2@@Z)
shader.obj : error LNK2001: unresolved external symbol "protected: virtual class std::basic_streambuf<char,struct std::char_traits<char> > * __cdecl std::basic_streambuf<char,struct std::char_traits<char> >::setbuf(char *,__int64)" (?setbuf@?$basic_streambuf@DU?$char_traits@D@std@@@std@@MEAAPEAV12@PEAD_J@Z)
Source.obj : error LNK2001: unresolved external symbol "protected: virtual class std::basic_streambuf<char,struct std::char_traits<char> > * __cdecl std::basic_streambuf<char,struct std::char_traits<char> >::setbuf(char *,__int64)" (?setbuf@?$basic_streambuf@DU?$char_traits@D@std@@@std@@MEAAPEAV12@PEAD_J@Z)
shader.obj : error LNK2001: unresolved external symbol "protected: virtual __int64 __cdecl std::basic_streambuf<char,struct std::char_traits<char> >::showmanyc(void)" (?showmanyc@?$basic_streambuf@DU?$char_traits@D@std@@@std@@MEAA_JXZ)
Source.obj : error LNK2001: unresolved external symbol "protected: virtual __int64 __cdecl std::basic_streambuf<char,struct std::char_traits<char> >::showmanyc(void)" (?showmanyc@?$basic_streambuf@DU?$char_traits@D@std@@@std@@MEAA_JXZ)
shader.obj : error LNK2001: unresolved external symbol "protected: virtual int __cdecl std::basic_streambuf<char,struct std::char_traits<char> >::sync(void)" (?sync@?$basic_streambuf@DU?$char_traits@D@std@@@std@@MEAAHXZ)
Source.obj : error LNK2001: unresolved external symbol "protected: virtual int __cdecl std::basic_streambuf<char,struct std::char_traits<char> >::sync(void)" (?sync@?$basic_streambuf@DU?$char_traits@D@std@@@std@@MEAAHXZ)
shader.obj : error LNK2001: unresolved external symbol "protected: virtual int __cdecl std::basic_streambuf<char,struct std::char_traits<char> >::uflow(void)" (?uflow@?$basic_streambuf@DU?$char_traits@D@std@@@std@@MEAAHXZ)
Source.obj : error LNK2001: unresolved external symbol "protected: virtual int __cdecl std::basic_streambuf<char,struct std::char_traits<char> >::uflow(void)" (?uflow@?$basic_streambuf@DU?$char_traits@D@std@@@std@@MEAAHXZ)
shader.obj : error LNK2001: unresolved external symbol "protected: virtual __int64 __cdecl std::basic_streambuf<char,struct std::char_traits<char> >::xsgetn(char *,__int64)" (?xsgetn@?$basic_streambuf@DU?$char_traits@D@std@@@std@@MEAA_JPEAD_J@Z)
Source.obj : error LNK2001: unresolved external symbol "protected: virtual __int64 __cdecl std::basic_streambuf<char,struct std::char_traits<char> >::xsgetn(char *,__int64)" (?xsgetn@?$basic_streambuf@DU?$char_traits@D@std@@@std@@MEAA_JPEAD_J@Z)
shader.obj : error LNK2001: unresolved external symbol "protected: virtual __int64 __cdecl std::basic_streambuf<char,struct std::char_traits<char> >::xsputn(char const *,__int64)" (?xsputn@?$basic_streambuf@DU?$char_traits@D@std@@@std@@MEAA_JPEBD_J@Z)
Source.obj : error LNK2001: unresolved external symbol "protected: virtual __int64 __cdecl std::basic_streambuf<char,struct std::char_traits<char> >::xsputn(char const *,__int64)" (?xsputn@?$basic_streambuf@DU?$char_traits@D@std@@@std@@MEAA_JPEBD_J@Z)
shader.obj : error LNK2019: unresolved external symbol "__declspec(dllimport) public: static class std::locale::id std::codecvt<char,char,struct _Mbstatet>::id" (__imp_?id@?$codecvt@DDU_Mbstatet@@@std@@2V0locale@2@A) referenced in function "class std::codecvt<char,char,struct _Mbstatet> const & __cdecl std::use_facet<class std::codecvt<char,char,struct _Mbstatet> >(class std::locale const &)" (??$use_facet@V?$codecvt@DDU_Mbstatet@@@std@@@std@@YAAEBV?$codecvt@DDU_Mbstatet@@@0@AEBVlocale@0@@Z)
Source.obj : error LNK2001: unresolved external symbol "__declspec(dllimport) public: static class std::locale::id std::codecvt<char,char,struct _Mbstatet>::id" (__imp_?id@?$codecvt@DDU_Mbstatet@@@std@@2V0locale@2@A)
shader.obj : error LNK2019: unresolved external symbol __imp___glewAttachShader referenced in function "unsigned int __cdecl LoadShaders(char const *,char const *)" (?LoadShaders@@YAIPEBD0@Z)
shader.obj : error LNK2019: unresolved external symbol __imp___glewCompileShader referenced in function "unsigned int __cdecl LoadShaders(char const *,char const *)" (?LoadShaders@@YAIPEBD0@Z)
shader.obj : error LNK2019: unresolved external symbol __imp___glewCreateProgram referenced in function "unsigned int __cdecl LoadShaders(char const *,char const *)" (?LoadShaders@@YAIPEBD0@Z)
shader.obj : error LNK2019: unresolved external symbol __imp___glewCreateShader referenced in function "unsigned int __cdecl LoadShaders(char const *,char const *)" (?LoadShaders@@YAIPEBD0@Z)
shader.obj : error LNK2019: unresolved external symbol __imp___glewDeleteShader referenced in function "unsigned int __cdecl LoadShaders(char const *,char const *)" (?LoadShaders@@YAIPEBD0@Z)
shader.obj : error LNK2019: unresolved external symbol __imp___glewDetachShader referenced in function "unsigned int __cdecl LoadShaders(char const *,char const *)" (?LoadShaders@@YAIPEBD0@Z)
shader.obj : error LNK2019: unresolved external symbol __imp___glewGetProgramInfoLog referenced in function "unsigned int __cdecl LoadShaders(char const *,char const *)" (?LoadShaders@@YAIPEBD0@Z)
shader.obj : error LNK2019: unresolved external symbol __imp___glewGetProgramiv referenced in function "unsigned int __cdecl LoadShaders(char const *,char const *)" (?LoadShaders@@YAIPEBD0@Z)
shader.obj : error LNK2019: unresolved external symbol __imp___glewGetShaderInfoLog referenced in function "unsigned int __cdecl LoadShaders(char const *,char const *)" (?LoadShaders@@YAIPEBD0@Z)
shader.obj : error LNK2019: unresolved external symbol __imp___glewGetShaderiv referenced in function "unsigned int __cdecl LoadShaders(char const *,char const *)" (?LoadShaders@@YAIPEBD0@Z)
shader.obj : error LNK2019: unresolved external symbol __imp___glewLinkProgram referenced in function "unsigned int __cdecl LoadShaders(char const *,char const *)" (?LoadShaders@@YAIPEBD0@Z)
shader.obj : error LNK2019: unresolved external symbol __imp___glewShaderSource referenced in function "unsigned int __cdecl LoadShaders(char const *,char const *)" (?LoadShaders@@YAIPEBD0@Z)
ShapeGenerator.obj : error LNK2019: unresolved external symbol "void * __cdecl operator new[](unsigned __int64)" (??_U@YAPEAX_K@Z) referenced in function "private: static struct ShapeData __cdecl ShapeGenerator::makePlaneIndices(unsigned int)" (?makePlaneIndices@ShapeGenerator@@CA?AUShapeData@@I@Z)
Texture.obj : error LNK2001: unresolved external symbol "void * __cdecl operator new[](unsigned __int64)" (??_U@YAPEAX_K@Z)
ShapeGenerator.obj : error LNK2019: unresolved external symbol cos referenced in function "public: static struct ShapeData __cdecl ShapeGenerator::makeSphere(unsigned int)" (?makeSphere@ShapeGenerator@@SA?AUShapeData@@I@Z)
    Hint on symbols that are defined and could potentially match:
      "float __cdecl cos(float)" (?cos@@YAMM@Z)
ShapeGenerator.obj : error LNK2019: unresolved external symbol sin referenced in function "public: static struct ShapeData __cdecl ShapeGenerator::makeSphere(unsigned int)" (?makeSphere@ShapeGenerator@@SA?AUShapeData@@I@Z)
    Hint on symbols that are defined and could potentially match:
      "float __cdecl sin(float)" (?sin@@YAMM@Z)
ShapeGenerator.obj : error LNK2019: unresolved external symbol __imp_sqrtf referenced in function "float __cdecl sqrt(float)" (?sqrt@@YAMM@Z)
Source.obj : error LNK2001: unresolved external symbol __imp_sqrtf
ShapeGenerator.obj : error LNK2019: unresolved external symbol __imp_rand referenced in function "struct glm::vec<3,float,0> __cdecl randomColor(void)" (?randomColor@@YA?AU?$vec@$02M$0A@@glm@@XZ)
ShapeGenerator.obj : error LNK2019: unresolved external symbol __imp__wassert referenced in function "private: static struct ShapeData __cdecl ShapeGenerator::makePlaneIndices(unsigned int)" (?makePlaneIndices@ShapeGenerator@@CA?AUShapeData@@I@Z)
Source.obj : error LNK2001: unresolved external symbol __imp__wassert
Source.obj : error LNK2019: unresolved external symbol glfwInit referenced in function main
Source.obj : error LNK2019: unresolved external symbol glfwTerminate referenced in function main
Source.obj : error LNK2019: unresolved external symbol glfwWindowHint referenced in function main
Source.obj : error LNK2019: unresolved external symbol glfwCreateWindow referenced in function main
Source.obj : error LNK2019: unresolved external symbol glfwWindowShouldClose referenced in function main
Source.obj : error LNK2019: unresolved external symbol glfwSetWindowShouldClose referenced in function "void __cdecl processInput(struct GLFWwindow *)" (?processInput@@YAXPEAUGLFWwindow@@@Z)
Source.obj : error LNK2019: unresolved external symbol glfwSetFramebufferSizeCallback referenced in function main
Source.obj : error LNK2019: unresolved external symbol glfwPollEvents referenced in function main
Source.obj : error LNK2019: unresolved external symbol glfwSetInputMode referenced in function main
Source.obj : error LNK2019: unresolved external symbol glfwGetKey referenced in function "void __cdecl processInput(struct GLFWwindow *)" (?processInput@@YAXPEAUGLFWwindow@@@Z)
Source.obj : error LNK2019: unresolved external symbol glfwSetCursorPosCallback referenced in function main
Source.obj : error LNK2019: unresolved external symbol glfwSetScrollCallback referenced in function main
Source.obj : error LNK2019: unresolved external symbol glfwGetTime referenced in function main
Source.obj : error LNK2019: unresolved external symbol glfwMakeContextCurrent referenced in function main
Source.obj : error LNK2019: unresolved external symbol glfwSwapBuffers referenced in function main
Source.obj : error LNK2019: unresolved external symbol glfwGetProcAddress referenced in function main
Source.obj : error LNK2019: unresolved external symbol __imp_fopen_s referenced in function "struct _iobuf * __cdecl stbi__fopen(char const *,char const *)" (?stbi__fopen@@YAPEAU_iobuf@@PEBD0@Z)
Source.obj : error LNK2019: unresolved external symbol __imp_feof referenced in function "int __cdecl stbi__stdio_eof(void *)" (?stbi__stdio_eof@@YAHPEAX@Z)
Source.obj : error LNK2019: unresolved external symbol __imp_fseek referenced in function "void __cdecl stbi__stdio_skip(void *,int)" (?stbi__stdio_skip@@YAXPEAXH@Z)
Source.obj : error LNK2019: unresolved external symbol __imp_ftell referenced in function stbi_info_from_file
Source.obj : error LNK2019: unresolved external symbol __imp_realloc referenced in function "void * __cdecl stbi__load_gif_main(struct stbi__context *,int * *,int *,int *,int *,int *,int)" (?stbi__load_gif_main@@YAPEAXPEAUstbi__context@@PEAPEAHPEAH222H@Z)
Source.obj : error LNK2019: unresolved external symbol abs referenced in function "void * __cdecl stbi__bmp_load(struct stbi__context *,int *,int *,int *,int,struct stbi__result_info *)" (?stbi__bmp_load@@YAPEAXPEAUstbi__context@@PEAH11HPEAUstbi__result_info@@@Z)
Source.obj : error LNK2019: unresolved external symbol _lrotl referenced in function "int __cdecl stbi__extend_receive(struct stbi__jpeg *,int)" (?stbi__extend_receive@@YAHPEAUstbi__jpeg@@H@Z)
Source.obj : error LNK2019: unresolved external symbol __imp_strtol referenced in function "int __cdecl stbi__hdr_info(struct stbi__context *,int *,int *,int *)" (?stbi__hdr_info@@YAHPEAUstbi__context@@PEAH11@Z)
Source.obj : error LNK2019: unresolved external symbol memcmp referenced in function "public: static int __cdecl std::_Narrow_char_traits<char,int>::compare(char const * const,char const * const,unsigned __int64)" (?compare@?$_Narrow_char_traits@DH@std@@SAHQEBD0_K@Z)
vboindexer.obj : error LNK2001: unresolved external symbol memcmp
Source.obj : error LNK2019: unresolved external symbol strcmp referenced in function "int __cdecl stbi__hdr_info(struct stbi__context *,int *,int *,int *)" (?stbi__hdr_info@@YAHPEAUstbi__context@@PEAH11@Z)
Source.obj : error LNK2019: unresolved external symbol pow referenced in function "unsigned char * __cdecl stbi__hdr_to_ldr(float *,int,int,int)" (?stbi__hdr_to_ldr@@YAPEAEPEAMHHH@Z)
Source.obj : error LNK2019: unresolved external symbol __imp_ldexp referenced in function "void __cdecl stbi__hdr_convert(float *,unsigned char *,int)" (?stbi__hdr_convert@@YAXPEAMPEAEH@Z)
Source.obj : error LNK2019: unresolved external symbol __imp_tanf referenced in function "float __cdecl tan(float)" (?tan@@YAMM@Z)
Source.obj : error LNK2019: unresolved external symbol "bool __cdecl std::uncaught_exception(void)" (?uncaught_exception@std@@YA_NXZ) referenced in function "public: __cdecl std::basic_ostream<char,struct std::char_traits<char> >::sentry::~sentry(void)" (??1sentry@?$basic_ostream@DU?$char_traits@D@std@@@std@@QEAA@XZ)
vertexBufferObject.obj : error LNK2001: unresolved external symbol "bool __cdecl std::uncaught_exception(void)" (?uncaught_exception@std@@YA_NXZ)
Source.obj : error LNK2019: unresolved external symbol "__declspec(dllimport) public: bool __cdecl std::ios_base::good(void)const " (__imp_?good@ios_base@std@@QEBA_NXZ) referenced in function "public: __cdecl std::basic_ostream<char,struct std::char_traits<char> >::sentry::sentry(class std::basic_ostream<char,struct std::char_traits<char> > &)" (??0sentry@?$basic_ostream@DU?$char_traits@D@std@@@std@@QEAA@AEAV12@@Z)
vertexBufferObject.obj : error LNK2001: unresolved external symbol "__declspec(dllimport) public: bool __cdecl std::ios_base::good(void)const " (__imp_?good@ios_base@std@@QEBA_NXZ)
Source.obj : error LNK2019: unresolved external symbol "__declspec(dllimport) public: void __cdecl std::ios_base::exceptions(int)" (__imp_?exceptions@ios_base@std@@QEAAXH@Z) referenced in function "public: __cdecl Shader::Shader(char const *,char const *,char const *)" (??0Shader@@QEAA@PEBD00@Z)
Source.obj : error LNK2019: unresolved external symbol "__declspec(dllimport) public: int __cdecl std::ios_base::flags(void)const " (__imp_?flags@ios_base@std@@QEBAHXZ) referenced in function "class std::basic_ostream<char,struct std::char_traits<char> > & __cdecl std::operator<<<struct std::char_traits<char> >(class std::basic_ostream<char,struct std::char_traits<char> > &,char const *)" (??$?6U?$char_traits@D@std@@@std@@YAAEAV?$basic_ostream@DU?$char_traits@D@std@@@0@AEAV10@PEBD@Z)
vertexBufferObject.obj : error LNK2001: unresolved external symbol "__declspec(dllimport) public: int __cdecl std::ios_base::flags(void)const " (__imp_?flags@ios_base@std@@QEBAHXZ)
Source.obj : error LNK2019: unresolved external symbol "__declspec(dllimport) public: __int64 __cdecl std::ios_base::width(void)const " (__imp_?width@ios_base@std@@QEBA_JXZ) referenced in function "class std::basic_ostream<char,struct std::char_traits<char> > & __cdecl std::operator<<<struct std::char_traits<char> >(class std::basic_ostream<char,struct std::char_traits<char> > &,char const *)" (??$?6U?$char_traits@D@std@@@std@@YAAEAV?$basic_ostream@DU?$char_traits@D@std@@@0@AEAV10@PEBD@Z)
vertexBufferObject.obj : error LNK2001: unresolved external symbol "__declspec(dllimport) public: __int64 __cdecl std::ios_base::width(void)const " (__imp_?width@ios_base@std@@QEBA_JXZ)
Source.obj : error LNK2019: unresolved external symbol "__declspec(dllimport) public: __int64 __cdecl std::ios_base::width(__int64)" (__imp_?width@ios_base@std@@QEAA_J_J@Z) referenced in function "class std::basic_ostream<char,struct std::char_traits<char> > & __cdecl std::operator<<<struct std::char_traits<char> >(class std::basic_ostream<char,struct std::char_traits<char> > &,char const *)" (??$?6U?$char_traits@D@std@@@std@@YAAEAV?$basic_ostream@DU?$char_traits@D@std@@@0@AEAV10@PEBD@Z)
vertexBufferObject.obj : error LNK2001: unresolved external symbol "__declspec(dllimport) public: __int64 __cdecl std::ios_base::width(__int64)" (__imp_?width@ios_base@std@@QEAA_J_J@Z)
Source.obj : error LNK2019: unresolved external symbol "__declspec(dllimport) public: int __cdecl std::basic_streambuf<char,struct std::char_traits<char> >::sputc(char)" (__imp_?sputc@?$basic_streambuf@DU?$char_traits@D@std@@@std@@QEAAHD@Z) referenced in function "class std::basic_ostream<char,struct std::char_traits<char> > & __cdecl std::operator<<<struct std::char_traits<char> >(class std::basic_ostream<char,struct std::char_traits<char> > &,char const *)" (??$?6U?$char_traits@D@std@@@std@@YAAEAV?$basic_ostream@DU?$char_traits@D@std@@@0@AEAV10@PEBD@Z)
vertexBufferObject.obj : error LNK2001: unresolved external symbol "__declspec(dllimport) public: int __cdecl std::basic_streambuf<char,struct std::char_traits<char> >::sputc(char)" (__imp_?sputc@?$basic_streambuf@DU?$char_traits@D@std@@@std@@QEAAHD@Z)
Source.obj : error LNK2019: unresolved external symbol "__declspec(dllimport) public: __int64 __cdecl std::basic_streambuf<char,struct std::char_traits<char> >::sputn(char const *,__int64)" (__imp_?sputn@?$basic_streambuf@DU?$char_traits@D@std@@@std@@QEAA_JPEBD_J@Z) referenced in function "class std::basic_ostream<char,struct std::char_traits<char> > & __cdecl std::operator<<<struct std::char_traits<char> >(class std::basic_ostream<char,struct std::char_traits<char> > &,char const *)" (??$?6U?$char_traits@D@std@@@std@@YAAEAV?$basic_ostream@DU?$char_traits@D@std@@@0@AEAV10@PEBD@Z)
vertexBufferObject.obj : error LNK2001: unresolved external symbol "__declspec(dllimport) public: __int64 __cdecl std::basic_streambuf<char,struct std::char_traits<char> >::sputn(char const *,__int64)" (__imp_?sputn@?$basic_streambuf@DU?$char_traits@D@std@@@std@@QEAA_JPEBD_J@Z)
Source.obj : error LNK2019: unresolved external symbol "__declspec(dllimport) public: void __cdecl std::basic_ios<char,struct std::char_traits<char> >::clear(int,bool)" (__imp_?clear@?$basic_ios@DU?$char_traits@D@std@@@std@@QEAAXH_N@Z) referenced in function "public: void __cdecl std::basic_ifstream<char,struct std::char_traits<char> >::open(char const *,int,int)" (?open@?$basic_ifstream@DU?$char_traits@D@std@@@std@@QEAAXPEBDHH@Z)
Source.obj : error LNK2019: unresolved external symbol "__declspec(dllimport) public: class std::basic_ostream<char,struct std::char_traits<char> > * __cdecl std::basic_ios<char,struct std::char_traits<char> >::tie(void)const " (__imp_?tie@?$basic_ios@DU?$char_traits@D@std@@@std@@QEBAPEAV?$basic_ostream@DU?$char_traits@D@std@@@2@XZ) referenced in function "public: __cdecl std::basic_ostream<char,struct std::char_traits<char> >::sentry::sentry(class std::basic_ostream<char,struct std::char_traits<char> > &)" (??0sentry@?$basic_ostream@DU?$char_traits@D@std@@@std@@QEAA@AEAV12@@Z)
vertexBufferObject.obj : error LNK2001: unresolved external symbol "__declspec(dllimport) public: class std::basic_ostream<char,struct std::char_traits<char> > * __cdecl std::basic_ios<char,struct std::char_traits<char> >::tie(void)const " (__imp_?tie@?$basic_ios@DU?$char_traits@D@std@@@std@@QEBAPEAV?$basic_ostream@DU?$char_traits@D@std@@@2@XZ)
Source.obj : error LNK2019: unresolved external symbol "__declspec(dllimport) public: class std::basic_streambuf<char,struct std::char_traits<char> > * __cdecl std::basic_ios<char,struct std::char_traits<char> >::rdbuf(void)const " (__imp_?rdbuf@?$basic_ios@DU?$char_traits@D@std@@@std@@QEBAPEAV?$basic_streambuf@DU?$char_traits@D@std@@@2@XZ) referenced in function "class std::basic_ostream<char,struct std::char_traits<char> > & __cdecl std::operator<<<struct std::char_traits<char> >(class std::basic_ostream<char,struct std::char_traits<char> > &,char const *)" (??$?6U?$char_traits@D@std@@@std@@YAAEAV?$basic_ostream@DU?$char_traits@D@std@@@0@AEAV10@PEBD@Z)
vertexBufferObject.obj : error LNK2001: unresolved external symbol "__declspec(dllimport) public: class std::basic_streambuf<char,struct std::char_traits<char> > * __cdecl std::basic_ios<char,struct std::char_traits<char> >::rdbuf(void)const " (__imp_?rdbuf@?$basic_ios@DU?$char_traits@D@std@@@std@@QEBAPEAV?$basic_streambuf@DU?$char_traits@D@std@@@2@XZ)
Source.obj : error LNK2019: unresolved external symbol "__declspec(dllimport) public: char __cdecl std::basic_ios<char,struct std::char_traits<char> >::fill(void)const " (__imp_?fill@?$basic_ios@DU?$char_traits@D@std@@@std@@QEBADXZ) referenced in function "class std::basic_ostream<char,struct std::char_traits<char> > & __cdecl std::operator<<<struct std::char_traits<char> >(class std::basic_ostream<char,struct std::char_traits<char> > &,char const *)" (??$?6U?$char_traits@D@std@@@std@@YAAEAV?$basic_ostream@DU?$char_traits@D@std@@@0@AEAV10@PEBD@Z)
vertexBufferObject.obj : error LNK2001: unresolved external symbol "__declspec(dllimport) public: char __cdecl std::basic_ios<char,struct std::char_traits<char> >::fill(void)const " (__imp_?fill@?$basic_ios@DU?$char_traits@D@std@@@std@@QEBADXZ)
Source.obj : error LNK2019: unresolved external symbol "__declspec(dllimport) public: char __cdecl std::basic_ios<char,struct std::char_traits<char> >::widen(char)const " (__imp_?widen@?$basic_ios@DU?$char_traits@D@std@@@std@@QEBADD@Z) referenced in function "class std::basic_ostream<char,struct std::char_traits<char> > & __cdecl std::endl<char,struct std::char_traits<char> >(class std::basic_ostream<char,struct std::char_traits<char> > &)" (??$endl@DU?$char_traits@D@std@@@std@@YAAEAV?$basic_ostream@DU?$char_traits@D@std@@@0@AEAV10@@Z)
vertexBufferObject.obj : error LNK2001: unresolved external symbol "__declspec(dllimport) public: char __cdecl std::basic_ios<char,struct std::char_traits<char> >::widen(char)const " (__imp_?widen@?$basic_ios@DU?$char_traits@D@std@@@std@@QEBADD@Z)
Source.obj : error LNK2019: unresolved external symbol "__declspec(dllimport) public: void __cdecl std::basic_ostream<char,struct std::char_traits<char> >::_Osfx(void)" (__imp_?_Osfx@?$basic_ostream@DU?$char_traits@D@std@@@std@@QEAAXXZ) referenced in function "public: __cdecl std::basic_ostream<char,struct std::char_traits<char> >::sentry::~sentry(void)" (??1sentry@?$basic_ostream@DU?$char_traits@D@std@@@std@@QEAA@XZ)
vertexBufferObject.obj : error LNK2001: unresolved external symbol "__declspec(dllimport) public: void __cdecl std::basic_ostream<char,struct std::char_traits<char> >::_Osfx(void)" (__imp_?_Osfx@?$basic_ostream@DU?$char_traits@D@std@@@std@@QEAAXXZ)
Source.obj : error LNK2019: unresolved external symbol "__declspec(dllimport) public: class std::basic_ostream<char,struct std::char_traits<char> > & __cdecl std::basic_ostream<char,struct std::char_traits<char> >::operator<<(class std::basic_ostream<char,struct std::char_traits<char> > & (__cdecl*)(class std::basic_ostream<char,struct std::char_traits<char> > &))" (__imp_??6?$basic_ostream@DU?$char_traits@D@std@@@std@@QEAAAEAV01@P6AAEAV01@AEAV01@@Z@Z) referenced in function __catch$??0Shader@@QEAA@PEBD00@Z$0
vertexBufferObject.obj : error LNK2001: unresolved external symbol "__declspec(dllimport) public: class std::basic_ostream<char,struct std::char_traits<char> > & __cdecl std::basic_ostream<char,struct std::char_traits<char> >::operator<<(class std::basic_ostream<char,struct std::char_traits<char> > & (__cdecl*)(class std::basic_ostream<char,struct std::char_traits<char> > &))" (__imp_??6?$basic_ostream@DU?$char_traits@D@std@@@std@@QEAAAEAV01@P6AAEAV01@AEAV01@@Z@Z)
Source.obj : error LNK2019: unresolved external symbol "__declspec(dllimport) public: class std::basic_ostream<char,struct std::char_traits<char> > & __cdecl std::basic_ostream<char,struct std::char_traits<char> >::put(char)" (__imp_?put@?$basic_ostream@DU?$char_traits@D@std@@@std@@QEAAAEAV12@D@Z) referenced in function "class std::basic_ostream<char,struct std::char_traits<char> > & __cdecl std::endl<char,struct std::char_traits<char> >(class std::basic_ostream<char,struct std::char_traits<char> > &)" (??$endl@DU?$char_traits@D@std@@@std@@YAAEAV?$basic_ostream@DU?$char_traits@D@std@@@0@AEAV10@@Z)
vertexBufferObject.obj : error LNK2001: unresolved external symbol "__declspec(dllimport) public: class std::basic_ostream<char,struct std::char_traits<char> > & __cdecl std::basic_ostream<char,struct std::char_traits<char> >::put(char)" (__imp_?put@?$basic_ostream@DU?$char_traits@D@std@@@std@@QEAAAEAV12@D@Z)
Source.obj : error LNK2019: unresolved external symbol "__declspec(dllimport) public: class std::basic_ostream<char,struct std::char_traits<char> > & __cdecl std::basic_ostream<char,struct std::char_traits<char> >::flush(void)" (__imp_?flush@?$basic_ostream@DU?$char_traits@D@std@@@std@@QEAAAEAV12@XZ) referenced in function "class std::basic_ostream<char,struct std::char_traits<char> > & __cdecl std::endl<char,struct std::char_traits<char> >(class std::basic_ostream<char,struct std::char_traits<char> > &)" (??$endl@DU?$char_traits@D@std@@@std@@YAAEAV?$basic_ostream@DU?$char_traits@D@std@@@0@AEAV10@@Z)
vertexBufferObject.obj : error LNK2001: unresolved external symbol "__declspec(dllimport) public: class std::basic_ostream<char,struct std::char_traits<char> > & __cdecl std::basic_ostream<char,struct std::char_traits<char> >::flush(void)" (__imp_?flush@?$basic_ostream@DU?$char_traits@D@std@@@std@@QEAAAEAV12@XZ)
Source.obj : error LNK2019: unresolved external symbol _RTC_UninitUse referenced in function "public: __cdecl Shader::Shader(char const *,char const *,char const *)" (??0Shader@@QEAA@PEBD00@Z)
Source.obj : error LNK2019: unresolved external symbol __chkstk referenced in function "void __cdecl stbi__YCbCr_to_RGB_simd(unsigned char *,unsigned char const *,unsigned char const *,unsigned char const *,int,int)" (?stbi__YCbCr_to_RGB_simd@@YAXPEAEPEBE11HH@Z)
Source.obj : error LNK2019: unresolved external symbol "__declspec(dllimport) class std::basic_ostream<char,struct std::char_traits<char> > std::cout" (__imp_?cout@std@@3V?$basic_ostream@DU?$char_traits@D@std@@@1@A) referenced in function __catch$??0Shader@@QEAA@PEBD00@Z$0
vertexBufferObject.obj : error LNK2001: unresolved external symbol "__declspec(dllimport) class std::basic_ostream<char,struct std::char_traits<char> > std::cout" (__imp_?cout@std@@3V?$basic_ostream@DU?$char_traits@D@std@@@1@A)
Source.obj : error LNK2019: unresolved external symbol _tls_index referenced in function "int __cdecl stbi__err(char const *)" (?stbi__err@@YAHPEBD@Z)
staticMesh3D.obj : error LNK2001: unresolved external symbol _purecall
staticMeshIndexed3D.obj : error LNK2001: unresolved external symbol _purecall
Texture.obj : error LNK2019: unresolved external symbol "void __cdecl operator delete[](void *)" (??_V@YAXPEAX@Z) referenced in function "unsigned int __cdecl loadBMP_custom(char const *)" (?loadBMP_custom@@YAIPEBD@Z)
Texture.obj : error LNK2019: unresolved external symbol __imp_fopen referenced in function "unsigned int __cdecl loadBMP_custom(char const *)" (?loadBMP_custom@@YAIPEBD@Z)
Texture.obj : error LNK2019: unresolved external symbol __imp_glBindTexture referenced in function "unsigned int __cdecl loadBMP_custom(char const *)" (?loadBMP_custom@@YAIPEBD@Z)
Texture.obj : error LNK2019: unresolved external symbol __imp_glGenTextures referenced in function "unsigned int __cdecl loadBMP_custom(char const *)" (?loadBMP_custom@@YAIPEBD@Z)
Texture.obj : error LNK2019: unresolved external symbol __imp_glPixelStorei referenced in function "unsigned int __cdecl loadDDS(char const *)" (?loadDDS@@YAIPEBD@Z)
Texture.obj : error LNK2019: unresolved external symbol __imp_glTexImage2D referenced in function "unsigned int __cdecl loadBMP_custom(char const *)" (?loadBMP_custom@@YAIPEBD@Z)
Texture.obj : error LNK2019: unresolved external symbol __imp_glTexParameteri referenced in function "unsigned int __cdecl loadBMP_custom(char const *)" (?loadBMP_custom@@YAIPEBD@Z)
Texture.obj : error LNK2019: unresolved external symbol __imp___glewCompressedTexImage2D referenced in function "unsigned int __cdecl loadDDS(char const *)" (?loadDDS@@YAIPEBD@Z)
Texture.obj : error LNK2019: unresolved external symbol __imp___glewGenerateMipmap referenced in function "unsigned int __cdecl loadBMP_custom(char const *)" (?loadBMP_custom@@YAIPEBD@Z)
vboindexer.obj : error LNK2019: unresolved external symbol fabs referenced in function fabsf
    Hint on symbols that are defined and could potentially match:
      "float __cdecl fabs(float)" (?fabs@@YAMM@Z)
LINK : error LNK2001: unresolved external symbol mainCRTStartup
D:\ComputerScience\CS330 OpenGL\OpenGL\GLFW\lib-vc2019\glfw3.lib : warning LNK4272: library machine type 'x86' conflicts with target machine type 'x64'
C:\Program Files (x86)\Windows Kits\10\lib\10.0.19041.0\um\x86\opengl32.lib : warning LNK4272: library machine type 'x86' conflicts with target machine type 'x64'
D:\ComputerScience\CS330 OpenGL\OpenGL\GLEW\lib\Release\Win32\glew32.lib : warning LNK4272: library machine type 'x86' conflicts with target machine type 'x64'
C:\Program Files (x86)\Windows Kits\10\lib\10.0.19041.0\um\x86\glu32.lib : warning LNK4272: library machine type 'x86' conflicts with target machine type 'x64'
C:\Program Files (x86)\Windows Kits\10\lib\10.0.19041.0\um\x86\kernel32.lib : warning LNK4272: library machine type 'x86' conflicts with target machine type 'x64'
C:\Program Files (x86)\Windows Kits\10\lib\10.0.19041.0\um\x86\user32.lib : warning LNK4272: library machine type 'x86' conflicts with target machine type 'x64'
C:\Program Files (x86)\Windows Kits\10\lib\10.0.19041.0\um\x86\gdi32.lib : warning LNK4272: library machine type 'x86' conflicts with target machine type 'x64'
C:\Program Files (x86)\Windows Kits\10\lib\10.0.19041.0\um\x86\winspool.lib : warning LNK4272: library machine type 'x86' conflicts with target machine type 'x64'
C:\Program Files (x86)\Windows Kits\10\lib\10.0.19041.0\um\x86\comdlg32.lib : warning LNK4272: library machine type 'x86' conflicts with target machine type 'x64'
C:\Program Files (x86)\Windows Kits\10\lib\10.0.19041.0\um\x86\advapi32.lib : warning LNK4272: library machine type 'x86' conflicts with target machine type 'x64'
C:\Program Files (x86)\Windows Kits\10\lib\10.0.19041.0\um\x86\shell32.lib : warning LNK4272: library machine type 'x86' conflicts with target machine type 'x64'
C:\Program Files (x86)\Windows Kits\10\lib\10.0.19041.0\um\x86\ole32.lib : warning LNK4272: library machine type 'x86' conflicts with target machine type 'x64'
C:\Program Files (x86)\Windows Kits\10\lib\10.0.19041.0\um\x86\oleaut32.lib : warning LNK4272: library machine type 'x86' conflicts with target machine type 'x64'
C:\Program Files (x86)\Windows Kits\10\lib\10.0.19041.0\um\x86\uuid.lib : warning LNK4272: library machine type 'x86' conflicts with target machine type 'x64'
C:\Program Files (x86)\Windows Kits\10\lib\10.0.19041.0\um\x86\odbc32.lib : warning LNK4272: library machine type 'x86' conflicts with target machine type 'x64'
C:\Program Files (x86)\Windows Kits\10\lib\10.0.19041.0\um\x86\odbccp32.lib : warning LNK4272: library machine type 'x86' conflicts with target machine type 'x64'
C:\Program Files (x86)\Microsoft Visual Studio\2019\Community\VC\Tools\MSVC\14.29.30133\lib\x86\msvcprtd.lib : warning LNK4272: library machine type 'x86' conflicts with target machine type 'x64'
C:\Program Files (x86)\Microsoft Visual Studio\2019\Community\VC\Tools\MSVC\14.29.30133\lib\x86\MSVCRTD.lib : warning LNK4272: library machine type 'x86' conflicts with target machine type 'x64'
D:\ComputerScience\CS330 OpenGL\CS330 Milestone\x64\Debug\OpenGLSample.exe : fatal error LNK1120: 181 unresolved externals
